gasopt commit (FIXED build): 3534bf2408df633d61e54c4fdd486d046088fb38
protocol: core (Lido), baseline HEAD: 4f74252b20a8dc6d2a310d299aff6539222e51b3
deps: yarn install (node-modules linker); remappings.txt = forge remappings (committed)
NOTE: multi-version (0.4.24/0.6.11/0.6.12/0.8.9/0.8.25), optimizer_runs=200, foundry per-path via_ir.
cmd: gasopt contracts --report report.json --gas-report gas.json --gas-seed 42 --gas-repeats 3 --base-path . --remappings remappings.txt --exclude test --exclude script --exclude mocks
========================================
[INFO] Remappings: 8 entries from /home/manoel/projeto/case-study-tool/core
[INFO] No solc pinned (--solc-version or foundry.toml). Falling back to per-file exact pragma; pass --solc-version to match the project's build.
[INFO] Using evm_version from foundry.toml: prague
[INFO] Scanning: contracts
[INFO] Excluding: test, script, mocks
[INFO] Found 128 .sol file(s)

  0.4.24/Lido.sol ... 3 rewrite(s)
  0.4.24/StETH.sol ... no rules
  0.4.24/StETHPermit.sol ... no rules
  0.4.24/lib/Packed64x4.sol ... no rules
  0.4.24/lib/SigningKeys.sol ... no rules
  0.4.24/lib/StakeLimitUtils.sol ... no rules
  0.4.24/nos/NodeOperatorsRegistry.sol ... 5 rewrite(s)
  0.4.24/template/IETHRegistrarController.sol ... no rules
  0.4.24/template/IInterfaceResolver.sol ... no rules
  0.4.24/template/Imports.sol ... no rules
  0.4.24/template/LidoTemplate.sol ... skipped (codegen-verify-failed: Compiler Errors: ==== custom:/home/manoel/.local/share/svm/0.4.24/solc-0.4.24 ====: /home/manoel/projeto/case-study-tool/core/contracts/0.4.24/template/LidoTemplate.sol:24:1: DeclarationError: Identifier already declared. import "../nos/NodeOperatorsRegistry.s)
  0.4.24/utils/Pausable.sol ... no rules
  0.4.24/utils/UnstructuredStorageExt.sol ... no rules
  0.4.24/utils/Versioned.sol ... no rules
  0.6.11/deposit_contract.sol ... 7 rewrite(s)
  0.6.12/WstETH.sol ... no rules
  0.6.12/interfaces/IStETH.sol ... no rules
  0.8.25/ValidatorExitDelayVerifier.sol ... 6 rewrite(s)
  0.8.25/utils/AccessControlConfirmable.sol ... no rules
  0.8.25/utils/Confirmable2Addresses.sol ... no rules
  0.8.25/utils/Confirmations.sol ... 7 rewrite(s)
  0.8.25/utils/PausableUntilWithRoles.sol ... no rules
  0.8.25/vaults/LazyOracle.sol ... 6 rewrite(s)
  0.8.25/vaults/OperatorGrid.sol ... 5 rewrite(s)
  0.8.25/vaults/PinnedBeaconProxy.sol ... no rules
  0.8.25/vaults/StakingVault.sol ... 5 rewrite(s)
  0.8.25/vaults/ValidatorConsolidationRequests.sol ... 9 rewrite(s)
  0.8.25/vaults/VaultFactory.sol ... no rules
  0.8.25/vaults/VaultHub.sol ... 5 rewrite(s)
  0.8.25/vaults/dashboard/Dashboard.sol ... 8 rewrite(s)
  0.8.25/vaults/dashboard/NodeOperatorFee.sol ... 1 rewrite(s)
  0.8.25/vaults/dashboard/Permissions.sol ... 4 rewrite(s)
  0.8.25/vaults/interfaces/IPinnedBeaconProxy.sol ... no rules
  0.8.25/vaults/interfaces/IPredepositGuarantee.sol ... no rules
  0.8.25/vaults/interfaces/IStakingVault.sol ... no rules
  0.8.25/vaults/interfaces/IVaultFactory.sol ... no rules
  0.8.25/vaults/lib/PinnedBeaconUtils.sol ... no rules
  0.8.25/vaults/lib/RecoverTokens.sol ... no rules
  0.8.25/vaults/lib/RefSlotCache.sol ... no rules
  0.8.25/vaults/predeposit_guarantee/CLProofVerifier.sol ... no rules
  0.8.25/vaults/predeposit_guarantee/MeIfNobodyElse.sol ... no rules
  0.8.25/vaults/predeposit_guarantee/PredepositGuarantee.sol ... 9 rewrite(s)
  0.8.9/Accounting.sol ... 3 rewrite(s)
  0.8.9/BeaconChainDepositor.sol ... 1 rewrite(s)
  0.8.9/Burner.sol ... 1 rewrite(s)
  0.8.9/DepositSecurityModule.sol ... 10 rewrite(s)
  0.8.9/EIP712StETH.sol ... no rules
  0.8.9/LidoExecutionLayerRewardsVault.sol ... 5 rewrite(s)
  0.8.9/LidoLocator.sol ... no rules
  0.8.9/OracleDaemonConfig.sol ... 3 rewrite(s)
  0.8.9/StakingRouter.sol ... 11 rewrite(s)
  0.8.9/TokenRateNotifier.sol ... 5 rewrite(s)
  0.8.9/TriggerableWithdrawalsGateway.sol ... 2 rewrite(s)
  0.8.9/WithdrawalQueue.sol ... 10 rewrite(s)
  0.8.9/WithdrawalQueueBase.sol ... skipped (codegen-verify-failed: Compiler Errors: ==== custom:/home/manoel/.local/share/svm/0.8.9/solc-0.8.9 ====: TypeError: Invalid array length, expected integer literal or constant expression. --> /home/manoel/projeto/case-study-tool/core/contracts/0.8.9/WithdrawalQueueBase.sol:109:17: |)
  0.8.9/WithdrawalQueueERC721.sol ... 1 rewrite(s)
  0.8.9/WithdrawalVault.sol ... 1 rewrite(s)
  0.8.9/WithdrawalVaultEIP7002.sol ... 2 rewrite(s)
  0.8.9/interfaces/IERC4906.sol ... no rules
  0.8.9/interfaces/IPostTokenRebaseReceiver.sol ... no rules
  0.8.9/interfaces/ISecondOpinionOracle.sol ... no rules
  0.8.9/interfaces/ITokenRatePusher.sol ... no rules
  0.8.9/lib/ExitLimitUtils.sol ... no rules
  0.8.9/lib/Math.sol ... no rules
  0.8.9/lib/PositiveTokenRebaseLimiter.sol ... 1 rewrite(s)
  0.8.9/lib/UnstructuredRefStorage.sol ... no rules
  0.8.9/lib/UnstructuredStorage.sol ... no rules
  0.8.9/oracle/AccountingOracle.sol ... 5 rewrite(s)
  0.8.9/oracle/BaseOracle.sol ... no rules
  0.8.9/oracle/HashConsensus.sol ... 9 rewrite(s)
  0.8.9/oracle/ValidatorsExitBus.sol ... 5 rewrite(s)
  0.8.9/oracle/ValidatorsExitBusOracle.sol ... 2 rewrite(s)
  0.8.9/proxy/OssifiableProxy.sol ... 1 rewrite(s)
  0.8.9/proxy/WithdrawalsManagerProxy.sol ... 3 rewrite(s)
  0.8.9/sanity_checks/OracleReportSanityChecker.sol ... 6 rewrite(s)
  0.8.9/utils/DummyEmptyContract.sol ... no rules
  0.8.9/utils/PausableUntil.sol ... no rules
  0.8.9/utils/Versioned.sol ... no rules
  0.8.9/utils/access/AccessControl.sol ... no rules
  0.8.9/utils/access/AccessControlEnumerable.sol ... no rules
  common/interfaces/IBurner.sol ... no rules
  common/interfaces/IDepositContract.sol ... no rules
  common/interfaces/IEIP712StETH.sol ... no rules
  common/interfaces/IGateSeal.sol ... no rules
  common/interfaces/IGateSealFactory.sol ... no rules
  common/interfaces/IHashConsensus.sol ... no rules
  common/interfaces/ILazyOracle.sol ... no rules
  common/interfaces/ILido.sol ... no rules
  common/interfaces/ILidoLocator.sol ... no rules
  common/interfaces/IOracleReportSanityChecker.sol ... no rules
  common/interfaces/IOssifiableProxy.sol ... no rules
  common/interfaces/IStakingModule.sol ... no rules
  common/interfaces/IVaultHub.sol ... no rules
  common/interfaces/IVersioned.sol ... no rules
  common/interfaces/IWithdrawalQueue.sol ... no rules
  common/interfaces/ReportValues.sol ... no rules
  common/lib/BLS.sol ... no rules
  common/lib/BeaconTypes.sol ... no rules
  common/lib/ECDSA.sol ... no rules
  common/lib/GIndex.sol ... no rules
  common/lib/Math256.sol ... no rules
  common/lib/MemUtils.sol ... no rules
  common/lib/MinFirstAllocationStrategy.sol ... 4 rewrite(s)
  common/lib/SSZ.sol ... no rules
  common/lib/SignatureUtils.sol ... no rules
  common/lib/TriggerableWithdrawals.sol ... 6 rewrite(s)
  common/lib/UnstructuredStorage.sol ... no rules
  common/utils/PausableUntil.sol ... no rules
  openzeppelin/5.2/upgradeable/access/AccessControlUpgradeable.sol ... 1 rewrite(s)
  openzeppelin/5.2/upgradeable/access/Ownable2StepUpgradeable.sol ... no rules
  openzeppelin/5.2/upgradeable/access/OwnableUpgradeable.sol ... no rules
  openzeppelin/5.2/upgradeable/access/extensions/AccessControlEnumerableUpgradeable.sol ... no rules
  openzeppelin/5.2/upgradeable/proxy/utils/Initializable.sol ... no rules
  openzeppelin/5.2/upgradeable/utils/ContextUpgradeable.sol ... no rules
  openzeppelin/5.2/upgradeable/utils/introspection/ERC165Upgradeable.sol ... no rules
  tooling/AlertingHarness.sol ... 7 rewrite(s)
  tooling/sepolia/SepoliaDepositAdapter.sol ... 1 rewrite(s)
  upgrade/V3Addresses.sol ... 3 rewrite(s)
  upgrade/V3Template.sol ... 13 rewrite(s)
  upgrade/V3TemporaryAdmin.sol ... 5 rewrite(s)
  upgrade/V3VoteScript.sol ... 3 rewrite(s)
  upgrade/interfaces/IDualGovernance.sol ... no rules
  upgrade/interfaces/IEmergencyProtectedTimelock.sol ... no rules
  upgrade/interfaces/IForwarder.sol ... no rules
  upgrade/interfaces/IOracleReportSanityChecker_preV3.sol ... no rules
  upgrade/interfaces/IVoting.sol ... no rules
  upgrade/utils/CallScriptBuilder.sol ... no rules
  upgrade/utils/OmnibusBase.sol ... skipped (Compiler Errors: ==== custom:/home/manoel/.local/share/svm/0.8.31/solc-0.8.31 ====: ParserError: Source file requires different compiler version (current compiler is 0.8.31+commit.fd3a2265.Linux.g++) - note that nightly builds are considered to be strictly less than the released version --> /home/ma)

[INFO] Fixing test-suite assertions for 7 converted require message(s)...

══════════════════════════════════
            SUMMARY
══════════════════════════════════
Files:        50 optimised / 128 total
  Skipped:    3  (0 unresolved imports, 1 compile errors, 2 verify-failed)
Contracts:    45 had at least one rule applied
Rewrites:     212 total

Rules applied (rewrites):
  avoid-zero-init          93
  pre-increment            38
  payable-constructor      34
  unchecked                14
  delete-storage           12
  require-error            6
  short-circuit            4
  demorgan                 3
  const-folding-state      3
  const-folding            2
  calldata-params          2
  state-packing            1

Layout safety (skipped): 138 contracts, 100 structs

Compile errors (1/1) — file found but solc rejected it:
  - upgrade/utils/OmnibusBase.sol
      Compiler Errors: ==== custom:/home/manoel/.local/share/svm/0.8.31/solc-0.8.31 ====: ParserError: Source file requires different compiler version (current compiler is 0.8.31+commit.fd3a2265.Linux.g++) - note that nightly builds are considered to be strictly less than the released version --> /home/ma

Verify-failed (2/2) — a rewrite no longer compiled, so the ORIGINAL was kept:
  - 0.4.24/template/LidoTemplate.sol
      codegen-verify-failed: Compiler Errors: ==== custom:/home/manoel/.local/share/svm/0.4.24/solc-0.4.24 ====: /home/manoel/projeto/case-study-tool/core/contracts/0.4.24/template/LidoTemplate.sol:24:1: DeclarationError: Identifier already declared. import "../nos/NodeOperatorsRegistry.s
  - 0.8.9/WithdrawalQueueBase.sol
      codegen-verify-failed: Compiler Errors: ==== custom:/home/manoel/.local/share/svm/0.8.9/solc-0.8.9 ====: TypeError: Invalid array length, expected integer literal or constant expression. --> /home/manoel/projeto/case-study-tool/core/contracts/0.8.9/WithdrawalQueueBase.sol:109:17: |

Report saved: /home/manoel/projeto/case-study-tool/results/core/report.json
  NOTE: counts are source rewrites applied, NOT bytes or gas. Measure gas with: forge snapshot --diff

[WARNING] Review unchecked blocks and custom errors before deploying.

══════════════════════════════════
     GAS VERIFICATION (Foundry)
══════════════════════════════════
[gas-benchmark] checking out pre-rewrite baseline (4f74252b20a8) into a temporary worktree...
Preparing worktree (detached HEAD 4f74252b2)
[gas-benchmark] initializing submodules in the temporary worktree (reusing the main checkout's cache)...
Cloning into '/tmp/gasopt-original-403228-1784124144134/foundry/lib/forge-std'...
[gas-benchmark] linking node_modules into the temporary worktree (reusing the main checkout's install)...
[gas-benchmark] generating seeded baseline (FOUNDRY_FUZZ_SEED=42) from the pre-rewrite tree...
Warning: Found unknown `version` config key in section `additional_compiler_profiles` defined in foundry.toml.
Warning: Found unknown `version` config key in section `additional_compiler_profiles` defined in foundry.toml.
Failed to merge compilation restrictions for /tmp/gasopt-original-403228-1784124144134/contracts/0.8.25/vaults/VaultHub.sol
Failed to merge compilation restrictions for /tmp/gasopt-original-403228-1784124144134/contracts/0.8.25/vaults/VaultHub.sol
[gas-benchmark] generating seeded gas-report (deploy cost/size + per-function) from the pre-rewrite tree...
Warning: Found unknown `version` config key in section `additional_compiler_profiles` defined in foundry.toml.
Warning: Found unknown `version` config key in section `additional_compiler_profiles` defined in foundry.toml.
Failed to merge compilation restrictions for /tmp/gasopt-original-403228-1784124144134/contracts/0.8.25/vaults/VaultHub.sol
Failed to merge compilation restrictions for /tmp/gasopt-original-403228-1784124144134/contracts/0.8.25/vaults/VaultHub.sol
[gas-benchmark] seeded diff against the rewritten tree (1/3)...
Warning: Found unknown `version` config key in section `additional_compiler_profiles` defined in foundry.toml.
Warning: Found unknown `version` config key in section `additional_compiler_profiles` defined in foundry.toml.
Failed to merge compilation restrictions for /home/manoel/projeto/case-study-tool/core/contracts/0.8.25/vaults/VaultHub.sol
Failed to merge compilation restrictions for /home/manoel/projeto/case-study-tool/core/contracts/0.8.25/vaults/VaultHub.sol
[gas-benchmark] seeded gas-report against the rewritten tree (1/3)...
Warning: Found unknown `version` config key in section `additional_compiler_profiles` defined in foundry.toml.
Warning: Found unknown `version` config key in section `additional_compiler_profiles` defined in foundry.toml.
Failed to merge compilation restrictions for /home/manoel/projeto/case-study-tool/core/contracts/0.8.25/vaults/VaultHub.sol
Failed to merge compilation restrictions for /home/manoel/projeto/case-study-tool/core/contracts/0.8.25/vaults/VaultHub.sol
[gas-benchmark] seeded diff against the rewritten tree (2/3)...
Warning: Found unknown `version` config key in section `additional_compiler_profiles` defined in foundry.toml.
Warning: Found unknown `version` config key in section `additional_compiler_profiles` defined in foundry.toml.
Failed to merge compilation restrictions for /home/manoel/projeto/case-study-tool/core/contracts/0.8.25/vaults/VaultHub.sol
Failed to merge compilation restrictions for /home/manoel/projeto/case-study-tool/core/contracts/0.8.25/vaults/VaultHub.sol
[gas-benchmark] seeded gas-report against the rewritten tree (2/3)...
Warning: Found unknown `version` config key in section `additional_compiler_profiles` defined in foundry.toml.
Warning: Found unknown `version` config key in section `additional_compiler_profiles` defined in foundry.toml.
Failed to merge compilation restrictions for /home/manoel/projeto/case-study-tool/core/contracts/0.8.25/vaults/VaultHub.sol
Failed to merge compilation restrictions for /home/manoel/projeto/case-study-tool/core/contracts/0.8.25/vaults/VaultHub.sol
[gas-benchmark] seeded diff against the rewritten tree (3/3)...
Warning: Found unknown `version` config key in section `additional_compiler_profiles` defined in foundry.toml.
Warning: Found unknown `version` config key in section `additional_compiler_profiles` defined in foundry.toml.
Failed to merge compilation restrictions for /home/manoel/projeto/case-study-tool/core/contracts/0.8.25/vaults/VaultHub.sol
Failed to merge compilation restrictions for /home/manoel/projeto/case-study-tool/core/contracts/0.8.25/vaults/VaultHub.sol
[gas-benchmark] seeded gas-report against the rewritten tree (3/3)...
Warning: Found unknown `version` config key in section `additional_compiler_profiles` defined in foundry.toml.
Warning: Found unknown `version` config key in section `additional_compiler_profiles` defined in foundry.toml.
Failed to merge compilation restrictions for /home/manoel/projeto/case-study-tool/core/contracts/0.8.25/vaults/VaultHub.sol
Failed to merge compilation restrictions for /home/manoel/projeto/case-study-tool/core/contracts/0.8.25/vaults/VaultHub.sol

No files changed, compilation skipped

Ran 1 test for test/0.4.24/lib/packed64x4.t.sol:Packed64x4Test
[PASS] test_set() (gas: 1657)
Suite result: ok. 1 passed; 0 failed; 0 skipped; finished in 257.88µs (60.52µs CPU time)

Ran 20 tests for test/common/memUtils.t.sol:MemUtilsTest
[PASS] test_copyBytes_CopiesMemChunksThatAreMultiplesOf32Bytes() (gas: 5390)
[PASS] test_copyBytes_CopiesMemChunksThatAreMultiplesOf32BytesFromANon32BytesOffset() (gas: 5292)
[PASS] test_copyBytes_RevertsWhenSrcArrayIsOutOfBounds() (gas: 4580)
[PASS] test_memcpy_CopiesMemChunksShorterThan32Bytes() (gas: 4853)
[PASS] test_memcpy_CopiesMemChunksShorterThan32BytesFromANon32BytesOffset() (gas: 5082)
[PASS] test_memcpy_CopiesMemChunksShorterThan32BytesFromAndToANon32BytesOffset() (gas: 5246)
[PASS] test_memcpy_CopiesMemChunksShorterThan32BytesToANon32BytesOffset() (gas: 5061)
[PASS] test_memcpy_CopiesMemChunksThatAreMultiplesOf32Bytes() (gas: 5770)
[PASS] test_memcpy_CopiesMemChunksThatAreMultiplesOf32BytesFromANon32BytesOffset() (gas: 6111)
[PASS] test_memcpy_CopiesMemChunksThatAreMultiplesOf32BytesFromAndToANon32BytesOffset() (gas: 6316)
[PASS] test_memcpy_CopiesMemChunksThatAreMultiplesOf32BytesToANon32BytesOffset() (gas: 5975)
[PASS] test_memcpy_CopiesMemChunksThatAreNotMultiplesOf32Bytes() (gas: 5427)
[PASS] test_memcpy_CopiesMemChunksThatAreNotMultiplesOf32BytesFromANon32BytesOffset() (gas: 5679)
[PASS] test_memcpy_CopiesMemChunksThatAreNotMultiplesOf32BytesFromAndToANon32BytesOffset() (gas: 5798)
[PASS] test_memcpy_CopiesMemChunksThatAreNotMultiplesOf32BytesToANon32BytesOffset() (gas: 5635)
[PASS] test_memcpy_HandlesZeroLength() (gas: 5213)
[PASS] test_unsafeAllocateBytes_AllocatesEmptyByteArray() (gas: 5739)
[PASS] test_unsafeAllocateBytes_AllocatesMemoryAndAdvancesFreeMemPointer() (gas: 939996)
[PASS] test_unsafeAllocateBytes_HandlesMisalignedFreeMemPointerAndPadsTo32Bytes() (gas: 14189)
[PASS] test_unsafeAllocateBytes_PadsFreeMemPointerTo32Bytes() (gas: 15953)
Suite result: ok. 20 passed; 0 failed; 0 skipped; finished in 8.05ms (7.70ms CPU time)

Ran 27 tests for test/common/lib/BLS.t.sol:BLSVerifyingKeyTest
[PASS] test_computeDepositDomainHoodi() (gas: 3376)
[PASS] test_computeDepositDomainMainnet() (gas: 4074)
[PASS] test_computeDepositDomain_AllOnesForkVersion() (gas: 10083)
[PASS] test_hashToG2_Deterministic() (gas: 125154)
[PASS] test_hashToG2_DifferentMessages() (gas: 119484)
[PASS] test_hashToG2_MaxMessage() (gas: 64485)
[PASS] test_hashToG2_ZeroMessage() (gas: 63998)
[PASS] test_revertOnAmountDiffersByOneGwei() (gas: 172437)
[PASS] test_revertOnAmountSubGwei() (gas: 12321)
[PASS] test_revertOnInCorrectDeposit() (gas: 173285)
[PASS] test_revertOnInfinityPubkey() (gas: 69314)
[PASS] test_revertOnInfinitySignature() (gas: 70187)
[PASS] test_revertOnModExpPrecompileFailure() (gas: 15198)
[PASS] test_revertOnModExpPrecompileReturnSizeMismatch() (gas: 15011)
[PASS] test_revertOnModifiedAmount() (gas: 171880)
[PASS] test_revertOnPubkeyNotOnCurve() (gas: 1040430578)
[PASS] test_revertOnPubkeyRootReturnSizeMismatch() (gas: 13072)
[PASS] test_revertOnPubkeyXOutOfField() (gas: 1040430649)
[PASS] test_revertOnPubkeyYOutOfField() (gas: 1040430647)
[PASS] test_revertOnSha256PairReturnSizeMismatch() (gas: 10158)
[PASS] test_revertOnSha256PrecompileFailure() (gas: 11232)
[PASS] test_revertOnSignatureNotOnCurve() (gas: 1040430573)
[PASS] test_verifyDeposit_LOCAL_1() (gas: 169283)
[PASS] test_verifyDeposit_LOCAL_2() (gas: 169448)
[PASS] test_verifyDeposit_MAINNET() (gas: 168897)
[PASS] test_verifySigningRoot() (gas: 13232)
[PASS] test_zeroingForStaticArrays() (gas: 25880)
Suite result: ok. 27 passed; 0 failed; 0 skipped; finished in 27.15ms (26.77ms CPU time)

Ran 29 tests for test/common/math256.t.sol:Math256Test
[PASS] testFuzz_absDiff(uint256,uint256) (runs: 2048, μ: 5702, ~: 5688)
[PASS] testFuzz_ceilDiv(uint256,uint256) (runs: 2048, μ: 4991, ~: 5037)
[PASS] testFuzz_max_WorksWithInt256(int256,int256) (runs: 2048, μ: 4677, ~: 4687)
[PASS] testFuzz_max_WorksWithUint256(uint256,uint256) (runs: 2048, μ: 4715, ~: 4720)
[PASS] testFuzz_min_WorksWithInt256(int256,int256) (runs: 2048, μ: 4714, ~: 4729)
[PASS] testFuzz_min_WorksWithUint256(uint256,uint256) (runs: 2048, μ: 4654, ~: 4645)
[PASS] test_absDiff_WorksWithOnes() (gas: 3629)
[PASS] test_absDiff_WorksWithZeros() (gas: 3657)
[PASS] test_ceilDiv_WorksForOne() (gas: 4014)
[PASS] test_ceilDiv_WorksForThree() (gas: 4037)
[PASS] test_ceilDiv_WorksForTwo() (gas: 4014)
[PASS] test_ceilDiv_WorksWithZeroFromFour() (gas: 3403)
[PASS] test_max_WorksWithABInt256() (gas: 3487)
[PASS] test_max_WorksWithABUint256() (gas: 3443)
[PASS] test_max_WorksWithBAInt256() (gas: 3456)
[PASS] test_max_WorksWithBAUint256() (gas: 3455)
[PASS] test_max_WorksWithBothEqualUint256() (gas: 3443)
[PASS] test_max_WorksWithBothNegativeABInt256() (gas: 3499)
[PASS] test_max_WorksWithBothNegativeBAInt256() (gas: 3509)
[PASS] test_max_WorksWithEqualABInt256() (gas: 3511)
[PASS] test_max_WorksWithEqualNegativeBAInt256() (gas: 3510)
[PASS] test_max_WorksWithNegativeAndPositiveInt256() (gas: 3423)
[PASS] test_max_WorksWithPositiveAndNegativeInt256() (gas: 3434)
[PASS] test_min_WorksWithABInt256() (gas: 3510)
[PASS] test_min_WorksWithABUint256() (gas: 3444)
[PASS] test_min_WorksWithBAInt256() (gas: 3486)
[PASS] test_min_WorksWithBAUint256() (gas: 3508)
[PASS] test_min_WorksWithBothEqualUint256() (gas: 3444)
[PASS] test_min_WorksWithEqualBAInt256() (gas: 3509)
Suite result: ok. 29 passed; 0 failed; 0 skipped; finished in 202.63ms (202.38ms CPU time)

Ran 24 tests for test/common/lib/SSZ.t.sol:SSZTest
[PASS] testFuzz_BeaconBlockHeaderRoot_memory((uint64,uint64,bytes32,bytes32,bytes32)) (runs: 256, μ: 731353, ~: 619255)
[PASS] testFuzz_toLittleEndian_Idempotent(uint256) (runs: 256, μ: 4144, ~: 4144)
[PASS] testFuzz_validatorRoot_memory((bytes,bytes32,uint64,bool,uint64,uint64,uint64,uint64)) (runs: 256, μ: 701538, ~: 621958)
[PASS] testFuzz_verifyProof_MemorySafe(bytes32[],bytes32,bytes32,bytes32) (runs: 256, μ: 749614, ~: 656598)
[PASS] test_BeaconBlockHeaderRoot() (gas: 6919)
[PASS] test_BeaconBlockHeaderRoot_AllOnes() (gas: 6899)
[PASS] test_BeaconBlockHeaderRoot_AllZeroes() (gas: 6874)
[PASS] test_ValidatorRootActive() (gas: 8145)
[PASS] test_ValidatorRootExitedSlashed() (gas: 8138)
[PASS] test_ValidatorRootExtraBytesInPubkey() (gas: 8234)
[PASS] test_ValidatorRoot_AllOnes() (gas: 8205)
[PASS] test_ValidatorRoot_AllZeroes() (gas: 8163)
[PASS] test_toLittleEndianFalse() (gas: 3513)
[PASS] test_toLittleEndianTrue() (gas: 3422)
[PASS] test_toLittleEndianUint() (gas: 4221)
[PASS] test_toLittleEndianUintZero() (gas: 3654)
[PASS] test_verifyProof_HappyPath() (gas: 13310)
[PASS] test_verifyProof_OneItem() (gas: 622466)
[PASS] test_verifyProof_RevertWhen_BranchHasExtraItem() (gas: 624929)
[PASS] test_verifyProof_RevertWhen_BranchHasMissingItem() (gas: 626844)
[PASS] test_verifyProof_RevertWhen_InvalidProof() (gas: 626070)
[PASS] test_verifyProof_RevertWhen_NoProof() (gas: 625439)
[PASS] test_verifyProof_RevertWhen_ProvingRoot() (gas: 623873)
[PASS] test_verifyProof_RevertWhen_WrongGIndex() (gas: 625457)
Suite result: ok. 24 passed; 0 failed; 0 skipped; finished in 253.23ms (252.93ms CPU time)

Ran 2 tests for test/common/ecdsa.t.sol:ECDSATest
[PASS] test_recover_Works() (gas: 9100)
[PASS] test_recover_WorksWithCompactSignature() (gas: 9419)
Suite result: ok. 2 passed; 0 failed; 0 skipped; finished in 819.38µs (680.86µs CPU time)

Ran 15 tests for test/0.8.9/unstructuredStorage.t.sol:ExposedUnstructuredStorageTest
[PASS] testFuzz_getStorageAddress_Uninitialized(bytes32) (runs: 2048, μ: 12118, ~: 12118)
[PASS] testFuzz_getStorageBool_Uninitialized(bytes32) (runs: 2048, μ: 11948, ~: 11948)
[PASS] testFuzz_getStorageBytes32_Uninitialized(bytes32) (runs: 2048, μ: 11862, ~: 11862)
[PASS] testFuzz_getStorageUint256_Uninitialized(bytes32) (runs: 2048, μ: 11840, ~: 11840)
[PASS] testFuzz_setStorageAddress(address,bytes32) (runs: 2048, μ: 36364, ~: 36394)
[PASS] testFuzz_setStorageBytes32(bytes32,bytes32) (runs: 2048, μ: 35788, ~: 35798)
[PASS] testFuzz_setStorageUint256(uint256,bytes32) (runs: 2048, μ: 35582, ~: 35796)
[PASS] test_getStorageAddress_Uninitialized() (gas: 11848)
[PASS] test_getStorageBool_Uninitialized() (gas: 11633)
[PASS] test_getStorageBytes32_Uninitialized() (gas: 11615)
[PASS] test_getStorageUint256_Uninitialized() (gas: 11612)
[PASS] test_setStorageAddress() (gas: 36853)
[PASS] test_setStorageBool() (gas: 27288)
[PASS] test_setStorageBytes32() (gas: 35366)
[PASS] test_setStorageUint256() (gas: 35365)
Suite result: ok. 15 passed; 0 failed; 0 skipped; finished in 409.60ms (409.56ms CPU time)

Ran 2 tests for test/0.8.25/vaults/refSlotCache/refSlotCache.t.sol:DoubleRefSlotCacheTest
[PASS] invariant_currentValue() (runs: 32, calls: 1024, reverts: 12)

╭---------------------------+------------------+-------+---------+----------╮
| Contract                  | Selector         | Calls | Reverts | Discards |
+===========================================================================+
| DoubleRefSlotCacheExample | increaseIntValue | 501   | 12      | 0        |
|---------------------------+------------------+-------+---------+----------|
| DoubleRefSlotCacheExample | increaseRefSlot  | 523   | 0       | 0        |
╰---------------------------+------------------+-------+---------+----------╯

[PASS] invariant_valueOnRefSlot() (runs: 128, calls: 16384, reverts: 299)

╭---------------------------+------------------+-------+---------+----------╮
| Contract                  | Selector         | Calls | Reverts | Discards |
+===========================================================================+
| DoubleRefSlotCacheExample | increaseIntValue | 8279  | 299     | 0        |
|---------------------------+------------------+-------+---------+----------|
| DoubleRefSlotCacheExample | increaseRefSlot  | 8105  | 0       | 0        |
╰---------------------------+------------------+-------+---------+----------╯

Suite result: ok. 2 passed; 0 failed; 0 skipped; finished in 1.51s (1.51s CPU time)

Ran 22 tests for test/common/lib/GIndex.t.sol:GIndexTest
[PASS] testFuzz_concat_WithRoot(bytes32) (runs: 256, μ: 8194, ~: 8194)
[PASS] testFuzz_shl_OffTheWidth_AfterConcat(bytes32,bytes32,uint256) (runs: 256, μ: 14954, ~: 14954)
[PASS] testFuzz_shl_shr_Idempotent(bytes32,uint256) (runs: 256, μ: 16056, ~: 16056)
[PASS] testFuzz_shr_OffTheWidth_AfterConcat(bytes32,bytes32,uint256) (runs: 256, μ: 18834, ~: 18834)
[PASS] testFuzz_shr_shl_Idempotent(bytes32,uint256) (runs: 256, μ: 16429, ~: 16429)
[PASS] testFuzz_unpack(uint248,uint8) (runs: 256, μ: 5173, ~: 5190)
[PASS] test_concat() (gas: 27199)
[PASS] test_concat_BigIndicesBorderCases() (gas: 14883)
[PASS] test_concat_RevertsIfTooBigIndices() (gas: 21507)
[PASS] test_concat_RevertsIfZeroGIndex() (gas: 16938)
[PASS] test_fls() (gas: 817507)
[PASS] test_isRootFalse() (gas: 8731)
[PASS] test_isRootTrue() (gas: 5868)
[PASS] test_pack() (gas: 7051)
[PASS] test_shl() (gas: 18533)
[PASS] test_shl_AfterConcat() (gas: 31202)
[PASS] test_shl_OffTheWidth() (gas: 23613)
[PASS] test_shl_OffTheWidth_AfterConcat() (gas: 29339)
[PASS] test_shr() (gas: 20236)
[PASS] test_shr_AfterConcat() (gas: 32884)
[PASS] test_shr_OffTheWidth() (gas: 24582)
[PASS] test_shr_OffTheWidth_AfterConcat() (gas: 30223)
Suite result: ok. 22 passed; 0 failed; 0 skipped; finished in 1.84s (1.86s CPU time)

Ran 4 tests for test/0.4.24/lido/lido.stakeLimit.t.sol:StakeUtilsTest
[PASS] testFuzz_burnsAndRegrowsCorrectly(uint96,uint32,uint96) (runs: 256, μ: 46926, ~: 46946)
[PASS] testFuzz_calculateCurrentStakeLimit(uint96,uint16,uint96[200]) (runs: 256, μ: 2807811, ~: 2810558)
[PASS] testFuzz_mintsAndRegrowsCorrectly(uint96,uint32,uint96) (runs: 256, μ: 49193, ~: 49199)
[PASS] test_zeroGrowthBlocksPreventsGrowth(uint96,uint96) (runs: 256, μ: 36519, ~: 36519)
Suite result: ok. 4 passed; 0 failed; 0 skipped; finished in 2.34s (2.33s CPU time)

Ran 11 tests for test/0.8.9/positiveTokenRebaseLimiter.t.sol:PositiveTokenRebaseLimiterTest
[PASS] testFuzz_decreaseEther((uint256,uint256,uint256,uint256,uint256),uint256) (runs: 65536, μ: 139972, ~: 140035)
[PASS] testFuzz_decreaseEtherUnlimited((uint256,uint256,uint256,uint256,uint256),uint256) (runs: 65536, μ: 133910, ~: 134912)
[PASS] testFuzz_getSharesToBurnLimit((uint256,uint256,uint256,uint256,uint256)) (runs: 65536, μ: 154234, ~: 154872)
[PASS] testFuzz_getSharesToBurnLimitUnlimited((uint256,uint256,uint256,uint256,uint256)) (runs: 65536, μ: 127825, ~: 128848)
[PASS] testFuzz_getSharesToBurnLimitZeroTVL((uint256,uint256,uint256,uint256,uint256)) (runs: 65536, μ: 112427, ~: 111260)
[PASS] testFuzz_increaseEther((uint256,uint256,uint256,uint256,uint256),uint256) (runs: 65536, μ: 148042, ~: 149061)
[PASS] testFuzz_increaseEtherUnlimited((uint256,uint256,uint256,uint256,uint256),uint256) (runs: 65536, μ: 135030, ~: 136032)
[PASS] testFuzz_initLimiterState((uint256,uint256,uint256,uint256,uint256)) (runs: 65536, μ: 138373, ~: 138451)
[PASS] testFuzz_initLimiterStateTooLowLimit((uint256,uint256,uint256,uint256,uint256)) (runs: 65536, μ: 9997, ~: 9997)
[PASS] testFuzz_initLimiterTooHighLimit((uint256,uint256,uint256,uint256,uint256)) (runs: 65536, μ: 14517, ~: 13850)
[PASS] testFuzz_isLimitReached((uint256,uint256,uint256,uint256,uint256)) (runs: 65536, μ: 127312, ~: 128587)
Suite result: ok. 11 passed; 0 failed; 0 skipped; finished in 50.35s (58.66s CPU time)

Ran 9 tests for test/common/signatureUtils.t.sol:SignatureUtilsTest
[PASS] testFuzz_isValidSignature_EoaMessage(bytes) (runs: 2048, μ: 19671, ~: 19663)
[PASS] testFuzz_isValidSignature_EoaNum(uint256) (runs: 2048, μ: 22813, ~: 22776)
[PASS] testFuzz_isValidSignature_EoaR(bytes32) (runs: 2048, μ: 22916, ~: 22835)
[PASS] testFuzz_isValidSignature_EoaS(bytes32) (runs: 2048, μ: 20260, ~: 22844)
[PASS] testFuzz_isValidSignature_EoaV(uint8) (runs: 2048, μ: 19378, ~: 19380)
[PASS] test_hasCode_Works() (gas: 443952)
[PASS] test_isValidSignature_Contract() (gas: 209424)
[PASS] test_isValidSignature_Eoa() (gas: 18893)
[PASS] test_isValidSignature_WrongSigner(uint256) (runs: 256, μ: 23625, ~: 23582)
Suite result: ok. 9 passed; 0 failed; 0 skipped; finished in 60.41s (3.82s CPU time)

Ran 3 tests for test/0.8.9/beaconChainDepositor.t.sol:BCDepositorInvariants
[PASS] invariant_32ETHPaidPerKey() (runs: 32, calls: 512, reverts: 0)

╭--------------------+------------------------------+-------+---------+----------╮
| Contract           | Selector                     | Calls | Reverts | Discards |
+================================================================================+
| BCDepositorHandler | makeBeaconChainDeposits32ETH | 512   | 0       | 0        |
╰--------------------+------------------------------+-------+---------+----------╯

[PASS] invariant_DepositDataIsNotCorrupted() (runs: 32, calls: 512, reverts: 0)

╭--------------------+------------------------------+-------+---------+----------╮
| Contract           | Selector                     | Calls | Reverts | Discards |
+================================================================================+
| BCDepositorHandler | makeBeaconChainDeposits32ETH | 512   | 0       | 0        |
╰--------------------+------------------------------+-------+---------+----------╯

[PASS] invariant_DepositsCountIsCoherent() (runs: 32, calls: 512, reverts: 0)

╭--------------------+------------------------------+-------+---------+----------╮
| Contract           | Selector                     | Calls | Reverts | Discards |
+================================================================================+
| BCDepositorHandler | makeBeaconChainDeposits32ETH | 512   | 0       | 0        |
╰--------------------+------------------------------+-------+---------+----------╯

Suite result: ok. 3 passed; 0 failed; 0 skipped; finished in 107.16s (126.58s CPU time)

Ran 18 tests for test/common/lib/BLS.t.sol:BLSCompressionFlagsFuzzTest
[PASS] testFuzz_signBitParityInvariant_Pubkey(bytes32,bytes32) (runs: 10000, μ: 11079, ~: 11063)
[PASS] testFuzz_signBitParityInvariant_Signature((bytes32,bytes32,bytes32,bytes32)) (runs: 10000, μ: 11607, ~: 11591)
[PASS] testFuzz_validateCompressedPubkeyFlags_InvalidCompressionFlag((bytes32,bytes32)) (runs: 204800, μ: 23340, ~: 23548)
[PASS] testFuzz_validateCompressedPubkeyFlags_InvalidInfinityFlag((bytes32,bytes32)) (runs: 204800, μ: 23692, ~: 23900)
[PASS] testFuzz_validateCompressedPubkeyFlags_InvalidSignBit((bytes32,bytes32)) (runs: 204800, μ: 23466, ~: 23666)
[PASS] testFuzz_validateCompressedSignatureFlags_InvalidCompressionFlag((bytes32,bytes32,bytes32,bytes32)) (runs: 204800, μ: 34929, ~: 35163)
[PASS] testFuzz_validateCompressedSignatureFlags_InvalidInfinityFlag((bytes32,bytes32,bytes32,bytes32)) (runs: 204800, μ: 35039, ~: 35273)
[PASS] testFuzz_validateCompressedSignatureFlags_InvalidSignBit((bytes32,bytes32,bytes32,bytes32)) (runs: 204800, μ: 34931, ~: 35157)
[PASS] test_validateCompressedPubkeyFlags_HalfPBoundary() (gas: 11196)
[PASS] test_validateCompressedPubkeyFlags_InvalidLength() (gas: 9475)
[PASS] test_validateCompressedPubkeyFlags_JustAboveHalfP() (gas: 11152)
[PASS] test_validateCompressedPubkeyFlags_YIsMaxValid() (gas: 11126)
[PASS] test_validateCompressedPubkeyFlags_YIsZero() (gas: 11234)
[PASS] test_validateCompressedSignatureFlags_C1ZeroC0LessThanHalfP() (gas: 11897)
[PASS] test_validateCompressedSignatureFlags_C1ZeroC0Zero() (gas: 12024)
[PASS] test_validateCompressedSignatureFlags_HalfPBoundary_UsesC1() (gas: 11524)
[PASS] test_validateCompressedSignatureFlags_InvalidLength() (gas: 9661)
[PASS] test_validateCompressedSignatureFlags_UsesC0WhenC1IsZero() (gas: 11375)
Suite result: ok. 18 passed; 0 failed; 0 skipped; finished in 132.96s (176.00s CPU time)

Ran 7 tests for test/0.8.9/withdrawalQueue.t.sol:WQInvariants
[PASS] invariant_lockedEthDecreasesOnClaim() (runs: 256, calls: 65536, reverts: 0)

╭-----------+----------+-------+---------+----------╮
| Contract  | Selector | Calls | Reverts | Discards |
+===================================================+
| WQHandler | claim    | 21850 | 0       | 0        |
|-----------+----------+-------+---------+----------|
| WQHandler | finalize | 21850 | 0       | 0        |
|-----------+----------+-------+---------+----------|
| WQHandler | request  | 21836 | 0       | 0        |
╰-----------+----------+-------+---------+----------╯

[PASS] invariant_lockedEthIsLessThanInQueue() (runs: 256, calls: 65536, reverts: 0)

╭-----------+----------+-------+---------+----------╮
| Contract  | Selector | Calls | Reverts | Discards |
+===================================================+
| WQHandler | claim    | 21850 | 0       | 0        |
|-----------+----------+-------+---------+----------|
| WQHandler | finalize | 21850 | 0       | 0        |
|-----------+----------+-------+---------+----------|
| WQHandler | request  | 21836 | 0       | 0        |
╰-----------+----------+-------+---------+----------╯

[PASS] invariant_queueLength() (runs: 256, calls: 65536, reverts: 0)

╭-----------+----------+-------+---------+----------╮
| Contract  | Selector | Calls | Reverts | Discards |
+===================================================+
| WQHandler | claim    | 21850 | 0       | 0        |
|-----------+----------+-------+---------+----------|
| WQHandler | finalize | 21850 | 0       | 0        |
|-----------+----------+-------+---------+----------|
| WQHandler | request  | 21836 | 0       | 0        |
╰-----------+----------+-------+---------+----------╯

[PASS] invariant_queueStETH() (runs: 256, calls: 65536, reverts: 0)

╭-----------+----------+-------+---------+----------╮
| Contract  | Selector | Calls | Reverts | Discards |
+===================================================+
| WQHandler | claim    | 21850 | 0       | 0        |
|-----------+----------+-------+---------+----------|
| WQHandler | finalize | 21850 | 0       | 0        |
|-----------+----------+-------+---------+----------|
| WQHandler | request  | 21836 | 0       | 0        |
╰-----------+----------+-------+---------+----------╯

[PASS] invariant_requestCantBeClaimedAndNotFinalizedInTheSameTime() (runs: 256, calls: 65536, reverts: 0)

╭-----------+----------+-------+---------+----------╮
| Contract  | Selector | Calls | Reverts | Discards |
+===================================================+
| WQHandler | claim    | 21850 | 0       | 0        |
|-----------+----------+-------+---------+----------|
| WQHandler | finalize | 21850 | 0       | 0        |
|-----------+----------+-------+---------+----------|
| WQHandler | request  | 21836 | 0       | 0        |
╰-----------+----------+-------+---------+----------╯

[PASS] invariant_totalLockedEthNaiveCheck() (runs: 256, calls: 65536, reverts: 0)

╭-----------+----------+-------+---------+----------╮
| Contract  | Selector | Calls | Reverts | Discards |
+===================================================+
| WQHandler | claim    | 21850 | 0       | 0        |
|-----------+----------+-------+---------+----------|
| WQHandler | finalize | 21850 | 0       | 0        |
|-----------+----------+-------+---------+----------|
| WQHandler | request  | 21836 | 0       | 0        |
╰-----------+----------+-------+---------+----------╯

[PASS] invariant_unfinalizedQueue() (runs: 256, calls: 65536, reverts: 0)

╭-----------+----------+-------+---------+----------╮
| Contract  | Selector | Calls | Reverts | Discards |
+===================================================+
| WQHandler | claim    | 21850 | 0       | 0        |
|-----------+----------+-------+---------+----------|
| WQHandler | finalize | 21850 | 0       | 0        |
|-----------+----------+-------+---------+----------|
| WQHandler | request  | 21836 | 0       | 0        |
╰-----------+----------+-------+---------+----------╯

Suite result: ok. 7 passed; 0 failed; 0 skipped; finished in 147.06s (385.47s CPU time)

Ran 7 tests for test/common/minFirstAllocationStrategy.t.sol:MinFirstAllocationStrategyInvariants
[PASS] invariant_AllocatedBucketValuesNotExceedCapacities() (runs: 512, calls: 16384, reverts: 0)

╭-------------------------------------------+----------+-------+---------+----------╮
| Contract                                  | Selector | Calls | Reverts | Discards |
+===================================================================================+
| MinFirstAllocationStrategyAllocateHandler | allocate | 16384 | 0       | 0        |
╰-------------------------------------------+----------+-------+---------+----------╯

[PASS] invariant_AllocatedLessThenAllocationSizeOnlyWhenAllBucketsFilled() (runs: 512, calls: 16384, reverts: 0)

╭-------------------------------------------+----------+-------+---------+----------╮
| Contract                                  | Selector | Calls | Reverts | Discards |
+===================================================================================+
| MinFirstAllocationStrategyAllocateHandler | allocate | 16384 | 0       | 0        |
╰-------------------------------------------+----------+-------+---------+----------╯

[PASS] invariant_AllocatedMatchesBucketChanges() (runs: 512, calls: 16384, reverts: 0)

╭-------------------------------------------+----------+-------+---------+----------╮
| Contract                                  | Selector | Calls | Reverts | Discards |
+===================================================================================+
| MinFirstAllocationStrategyAllocateHandler | allocate | 16384 | 0       | 0        |
╰-------------------------------------------+----------+-------+---------+----------╯

[PASS] invariant_AllocatedOutput() (runs: 512, calls: 16384, reverts: 0)

╭-------------------------------------------+----------+-------+---------+----------╮
| Contract                                  | Selector | Calls | Reverts | Discards |
+===================================================================================+
| MinFirstAllocationStrategyAllocateHandler | allocate | 16384 | 0       | 0        |
╰-------------------------------------------+----------+-------+---------+----------╯

[PASS] invariant_BucketsOutput() (runs: 512, calls: 16384, reverts: 0)

╭-------------------------------------------+----------+-------+---------+----------╮
| Contract                                  | Selector | Calls | Reverts | Discards |
+===================================================================================+
| MinFirstAllocationStrategyAllocateHandler | allocate | 16384 | 0       | 0        |
╰-------------------------------------------+----------+-------+---------+----------╯

[PASS] test_allocateToBestCandidate_ReturnsZeroWhenAllocationSizeIsZero() (gas: 15879)
[PASS] test_allocate_AllocatesIntoSingleLeastFilledBucket() (gas: 40112)
Suite result: ok. 7 passed; 0 failed; 0 skipped; finished in 151.28s (544.63s CPU time)

Ran 16 test suites in 151.28s (655.81s CPU time): 201 tests passed, 0 failed, 0 skipped (201 total tests)
━ Packed64x4Test::test_set() (gas: 1657 → 1657 | 0 0.000%)
━ StakeUtilsTest::testFuzz_burnsAndRegrowsCorrectly(uint96,uint32,uint96) (gas: 46946 → 46946 | 0 0.000%)
━ StakeUtilsTest::testFuzz_calculateCurrentStakeLimit(uint96,uint16,uint96[200]) (gas: 2810558 → 2810558 | 0 0.000%)
━ StakeUtilsTest::testFuzz_mintsAndRegrowsCorrectly(uint96,uint32,uint96) (gas: 49199 → 49199 | 0 0.000%)
━ StakeUtilsTest::test_zeroGrowthBlocksPreventsGrowth(uint96,uint96) (gas: 36519 → 36519 | 0 0.000%)
━ PositiveTokenRebaseLimiterTest::testFuzz_decreaseEther((uint256,uint256,uint256,uint256,uint256),uint256) (gas: 140035 → 140035 | 0 0.000%)
━ PositiveTokenRebaseLimiterTest::testFuzz_decreaseEtherUnlimited((uint256,uint256,uint256,uint256,uint256),uint256) (gas: 134912 → 134912 | 0 0.000%)
━ PositiveTokenRebaseLimiterTest::testFuzz_getSharesToBurnLimit((uint256,uint256,uint256,uint256,uint256)) (gas: 154872 → 154872 | 0 0.000%)
━ PositiveTokenRebaseLimiterTest::testFuzz_getSharesToBurnLimitUnlimited((uint256,uint256,uint256,uint256,uint256)) (gas: 128848 → 128848 | 0 0.000%)
━ PositiveTokenRebaseLimiterTest::testFuzz_getSharesToBurnLimitZeroTVL((uint256,uint256,uint256,uint256,uint256)) (gas: 111260 → 111260 | 0 0.000%)
━ PositiveTokenRebaseLimiterTest::testFuzz_increaseEther((uint256,uint256,uint256,uint256,uint256),uint256) (gas: 149061 → 149061 | 0 0.000%)
━ PositiveTokenRebaseLimiterTest::testFuzz_increaseEtherUnlimited((uint256,uint256,uint256,uint256,uint256),uint256) (gas: 136032 → 136032 | 0 0.000%)
━ PositiveTokenRebaseLimiterTest::testFuzz_initLimiterState((uint256,uint256,uint256,uint256,uint256)) (gas: 138451 → 138451 | 0 0.000%)
━ PositiveTokenRebaseLimiterTest::testFuzz_initLimiterStateTooLowLimit((uint256,uint256,uint256,uint256,uint256)) (gas: 9997 → 9997 | 0 0.000%)
━ PositiveTokenRebaseLimiterTest::testFuzz_initLimiterTooHighLimit((uint256,uint256,uint256,uint256,uint256)) (gas: 13850 → 13850 | 0 0.000%)
━ PositiveTokenRebaseLimiterTest::testFuzz_isLimitReached((uint256,uint256,uint256,uint256,uint256)) (gas: 128587 → 128587 | 0 0.000%)
━ ExposedUnstructuredStorageTest::testFuzz_getStorageAddress_Uninitialized(bytes32) (gas: 12118 → 12118 | 0 0.000%)
━ ExposedUnstructuredStorageTest::testFuzz_getStorageBool_Uninitialized(bytes32) (gas: 11948 → 11948 | 0 0.000%)
━ ExposedUnstructuredStorageTest::testFuzz_getStorageBytes32_Uninitialized(bytes32) (gas: 11862 → 11862 | 0 0.000%)
━ ExposedUnstructuredStorageTest::testFuzz_getStorageUint256_Uninitialized(bytes32) (gas: 11840 → 11840 | 0 0.000%)
━ ExposedUnstructuredStorageTest::testFuzz_setStorageAddress(address,bytes32) (gas: 36394 → 36394 | 0 0.000%)
━ ExposedUnstructuredStorageTest::testFuzz_setStorageBytes32(bytes32,bytes32) (gas: 35798 → 35798 | 0 0.000%)
━ ExposedUnstructuredStorageTest::testFuzz_setStorageUint256(uint256,bytes32) (gas: 35796 → 35796 | 0 0.000%)
━ ExposedUnstructuredStorageTest::test_getStorageAddress_Uninitialized() (gas: 11848 → 11848 | 0 0.000%)
━ ExposedUnstructuredStorageTest::test_getStorageBool_Uninitialized() (gas: 11633 → 11633 | 0 0.000%)
━ ExposedUnstructuredStorageTest::test_getStorageBytes32_Uninitialized() (gas: 11615 → 11615 | 0 0.000%)
━ ExposedUnstructuredStorageTest::test_getStorageUint256_Uninitialized() (gas: 11612 → 11612 | 0 0.000%)
━ ExposedUnstructuredStorageTest::test_setStorageAddress() (gas: 36853 → 36853 | 0 0.000%)
━ ExposedUnstructuredStorageTest::test_setStorageBool() (gas: 27288 → 27288 | 0 0.000%)
━ ExposedUnstructuredStorageTest::test_setStorageBytes32() (gas: 35366 → 35366 | 0 0.000%)
━ ExposedUnstructuredStorageTest::test_setStorageUint256() (gas: 35365 → 35365 | 0 0.000%)
━ ECDSATest::test_recover_Works() (gas: 9100 → 9100 | 0 0.000%)
━ ECDSATest::test_recover_WorksWithCompactSignature() (gas: 9419 → 9419 | 0 0.000%)
━ BLSCompressionFlagsFuzzTest::testFuzz_signBitParityInvariant_Pubkey(bytes32,bytes32) (gas: 11063 → 11063 | 0 0.000%)
━ BLSCompressionFlagsFuzzTest::testFuzz_signBitParityInvariant_Signature((bytes32,bytes32,bytes32,bytes32)) (gas: 11591 → 11591 | 0 0.000%)
━ BLSCompressionFlagsFuzzTest::testFuzz_validateCompressedPubkeyFlags_InvalidCompressionFlag((bytes32,bytes32)) (gas: 23548 → 23548 | 0 0.000%)
━ BLSCompressionFlagsFuzzTest::testFuzz_validateCompressedPubkeyFlags_InvalidInfinityFlag((bytes32,bytes32)) (gas: 23900 → 23900 | 0 0.000%)
━ BLSCompressionFlagsFuzzTest::testFuzz_validateCompressedPubkeyFlags_InvalidSignBit((bytes32,bytes32)) (gas: 23666 → 23666 | 0 0.000%)
━ BLSCompressionFlagsFuzzTest::testFuzz_validateCompressedSignatureFlags_InvalidCompressionFlag((bytes32,bytes32,bytes32,bytes32)) (gas: 35163 → 35163 | 0 0.000%)
━ BLSCompressionFlagsFuzzTest::testFuzz_validateCompressedSignatureFlags_InvalidInfinityFlag((bytes32,bytes32,bytes32,bytes32)) (gas: 35273 → 35273 | 0 0.000%)
━ BLSCompressionFlagsFuzzTest::testFuzz_validateCompressedSignatureFlags_InvalidSignBit((bytes32,bytes32,bytes32,bytes32)) (gas: 35157 → 35157 | 0 0.000%)
━ BLSCompressionFlagsFuzzTest::test_validateCompressedPubkeyFlags_HalfPBoundary() (gas: 11196 → 11196 | 0 0.000%)
━ BLSCompressionFlagsFuzzTest::test_validateCompressedPubkeyFlags_InvalidLength() (gas: 9475 → 9475 | 0 0.000%)
━ BLSCompressionFlagsFuzzTest::test_validateCompressedPubkeyFlags_JustAboveHalfP() (gas: 11152 → 11152 | 0 0.000%)
━ BLSCompressionFlagsFuzzTest::test_validateCompressedPubkeyFlags_YIsMaxValid() (gas: 11126 → 11126 | 0 0.000%)
━ BLSCompressionFlagsFuzzTest::test_validateCompressedPubkeyFlags_YIsZero() (gas: 11234 → 11234 | 0 0.000%)
━ BLSCompressionFlagsFuzzTest::test_validateCompressedSignatureFlags_C1ZeroC0LessThanHalfP() (gas: 11897 → 11897 | 0 0.000%)
━ BLSCompressionFlagsFuzzTest::test_validateCompressedSignatureFlags_C1ZeroC0Zero() (gas: 12024 → 12024 | 0 0.000%)
━ BLSCompressionFlagsFuzzTest::test_validateCompressedSignatureFlags_HalfPBoundary_UsesC1() (gas: 11524 → 11524 | 0 0.000%)
━ BLSCompressionFlagsFuzzTest::test_validateCompressedSignatureFlags_InvalidLength() (gas: 9661 → 9661 | 0 0.000%)
━ BLSCompressionFlagsFuzzTest::test_validateCompressedSignatureFlags_UsesC0WhenC1IsZero() (gas: 11375 → 11375 | 0 0.000%)
━ BLSVerifyingKeyTest::test_computeDepositDomainHoodi() (gas: 3376 → 3376 | 0 0.000%)
━ BLSVerifyingKeyTest::test_computeDepositDomainMainnet() (gas: 4074 → 4074 | 0 0.000%)
━ BLSVerifyingKeyTest::test_computeDepositDomain_AllOnesForkVersion() (gas: 10083 → 10083 | 0 0.000%)
━ BLSVerifyingKeyTest::test_hashToG2_Deterministic() (gas: 125154 → 125154 | 0 0.000%)
━ BLSVerifyingKeyTest::test_hashToG2_DifferentMessages() (gas: 119484 → 119484 | 0 0.000%)
━ BLSVerifyingKeyTest::test_hashToG2_MaxMessage() (gas: 64485 → 64485 | 0 0.000%)
━ BLSVerifyingKeyTest::test_hashToG2_ZeroMessage() (gas: 63998 → 63998 | 0 0.000%)
━ BLSVerifyingKeyTest::test_revertOnAmountDiffersByOneGwei() (gas: 172437 → 172437 | 0 0.000%)
━ BLSVerifyingKeyTest::test_revertOnAmountSubGwei() (gas: 12321 → 12321 | 0 0.000%)
━ BLSVerifyingKeyTest::test_revertOnInCorrectDeposit() (gas: 173285 → 173285 | 0 0.000%)
━ BLSVerifyingKeyTest::test_revertOnInfinityPubkey() (gas: 69314 → 69314 | 0 0.000%)
━ BLSVerifyingKeyTest::test_revertOnInfinitySignature() (gas: 70187 → 70187 | 0 0.000%)
━ BLSVerifyingKeyTest::test_revertOnModExpPrecompileFailure() (gas: 15198 → 15198 | 0 0.000%)
━ BLSVerifyingKeyTest::test_revertOnModExpPrecompileReturnSizeMismatch() (gas: 15011 → 15011 | 0 0.000%)
━ BLSVerifyingKeyTest::test_revertOnModifiedAmount() (gas: 171880 → 171880 | 0 0.000%)
━ BLSVerifyingKeyTest::test_revertOnPubkeyNotOnCurve() (gas: 1040430578 → 1040430578 | 0 0.000%)
━ BLSVerifyingKeyTest::test_revertOnPubkeyRootReturnSizeMismatch() (gas: 13072 → 13072 | 0 0.000%)
━ BLSVerifyingKeyTest::test_revertOnPubkeyXOutOfField() (gas: 1040430649 → 1040430649 | 0 0.000%)
━ BLSVerifyingKeyTest::test_revertOnPubkeyYOutOfField() (gas: 1040430647 → 1040430647 | 0 0.000%)
━ BLSVerifyingKeyTest::test_revertOnSha256PairReturnSizeMismatch() (gas: 10158 → 10158 | 0 0.000%)
━ BLSVerifyingKeyTest::test_revertOnSha256PrecompileFailure() (gas: 11232 → 11232 | 0 0.000%)
━ BLSVerifyingKeyTest::test_revertOnSignatureNotOnCurve() (gas: 1040430573 → 1040430573 | 0 0.000%)
━ BLSVerifyingKeyTest::test_verifyDeposit_LOCAL_1() (gas: 169283 → 169283 | 0 0.000%)
━ BLSVerifyingKeyTest::test_verifyDeposit_LOCAL_2() (gas: 169448 → 169448 | 0 0.000%)
━ BLSVerifyingKeyTest::test_verifyDeposit_MAINNET() (gas: 168897 → 168897 | 0 0.000%)
━ BLSVerifyingKeyTest::test_verifySigningRoot() (gas: 13232 → 13232 | 0 0.000%)
━ BLSVerifyingKeyTest::test_zeroingForStaticArrays() (gas: 25880 → 25880 | 0 0.000%)
━ GIndexTest::testFuzz_concat_WithRoot(bytes32) (gas: 8194 → 8194 | 0 0.000%)
━ GIndexTest::testFuzz_shl_OffTheWidth_AfterConcat(bytes32,bytes32,uint256) (gas: 14954 → 14954 | 0 0.000%)
━ GIndexTest::testFuzz_shl_shr_Idempotent(bytes32,uint256) (gas: 16056 → 16056 | 0 0.000%)
━ GIndexTest::testFuzz_shr_OffTheWidth_AfterConcat(bytes32,bytes32,uint256) (gas: 18834 → 18834 | 0 0.000%)
━ GIndexTest::testFuzz_shr_shl_Idempotent(bytes32,uint256) (gas: 16429 → 16429 | 0 0.000%)
━ GIndexTest::testFuzz_unpack(uint248,uint8) (gas: 5190 → 5190 | 0 0.000%)
━ GIndexTest::test_concat() (gas: 27199 → 27199 | 0 0.000%)
━ GIndexTest::test_concat_BigIndicesBorderCases() (gas: 14883 → 14883 | 0 0.000%)
━ GIndexTest::test_concat_RevertsIfTooBigIndices() (gas: 21507 → 21507 | 0 0.000%)
━ GIndexTest::test_concat_RevertsIfZeroGIndex() (gas: 16938 → 16938 | 0 0.000%)
━ GIndexTest::test_fls() (gas: 817507 → 817507 | 0 0.000%)
━ GIndexTest::test_isRootFalse() (gas: 8731 → 8731 | 0 0.000%)
━ GIndexTest::test_isRootTrue() (gas: 5868 → 5868 | 0 0.000%)
━ GIndexTest::test_pack() (gas: 7051 → 7051 | 0 0.000%)
━ GIndexTest::test_shl() (gas: 18533 → 18533 | 0 0.000%)
━ GIndexTest::test_shl_AfterConcat() (gas: 31202 → 31202 | 0 0.000%)
━ GIndexTest::test_shl_OffTheWidth() (gas: 23613 → 23613 | 0 0.000%)
━ GIndexTest::test_shl_OffTheWidth_AfterConcat() (gas: 29339 → 29339 | 0 0.000%)
━ GIndexTest::test_shr() (gas: 20236 → 20236 | 0 0.000%)
━ GIndexTest::test_shr_AfterConcat() (gas: 32884 → 32884 | 0 0.000%)
━ GIndexTest::test_shr_OffTheWidth() (gas: 24582 → 24582 | 0 0.000%)
━ GIndexTest::test_shr_OffTheWidth_AfterConcat() (gas: 30223 → 30223 | 0 0.000%)
━ SSZTest::testFuzz_toLittleEndian_Idempotent(uint256) (gas: 4144 → 4144 | 0 0.000%)
━ SSZTest::test_BeaconBlockHeaderRoot() (gas: 6919 → 6919 | 0 0.000%)
━ SSZTest::test_BeaconBlockHeaderRoot_AllOnes() (gas: 6899 → 6899 | 0 0.000%)
━ SSZTest::test_BeaconBlockHeaderRoot_AllZeroes() (gas: 6874 → 6874 | 0 0.000%)
━ SSZTest::test_ValidatorRootActive() (gas: 8145 → 8145 | 0 0.000%)
━ SSZTest::test_ValidatorRootExitedSlashed() (gas: 8138 → 8138 | 0 0.000%)
━ SSZTest::test_ValidatorRootExtraBytesInPubkey() (gas: 8234 → 8234 | 0 0.000%)
━ SSZTest::test_ValidatorRoot_AllOnes() (gas: 8205 → 8205 | 0 0.000%)
━ SSZTest::test_ValidatorRoot_AllZeroes() (gas: 8163 → 8163 | 0 0.000%)
━ SSZTest::test_toLittleEndianFalse() (gas: 3513 → 3513 | 0 0.000%)
━ SSZTest::test_toLittleEndianTrue() (gas: 3422 → 3422 | 0 0.000%)
━ SSZTest::test_toLittleEndianUint() (gas: 4221 → 4221 | 0 0.000%)
━ SSZTest::test_toLittleEndianUintZero() (gas: 3654 → 3654 | 0 0.000%)
━ SSZTest::test_verifyProof_HappyPath() (gas: 13310 → 13310 | 0 0.000%)
━ SSZTest::test_verifyProof_OneItem() (gas: 622466 → 622466 | 0 0.000%)
━ SSZTest::test_verifyProof_RevertWhen_BranchHasExtraItem() (gas: 624929 → 624929 | 0 0.000%)
━ SSZTest::test_verifyProof_RevertWhen_BranchHasMissingItem() (gas: 626844 → 626844 | 0 0.000%)
━ SSZTest::test_verifyProof_RevertWhen_InvalidProof() (gas: 626070 → 626070 | 0 0.000%)
━ SSZTest::test_verifyProof_RevertWhen_NoProof() (gas: 625439 → 625439 | 0 0.000%)
━ SSZTest::test_verifyProof_RevertWhen_ProvingRoot() (gas: 623873 → 623873 | 0 0.000%)
━ SSZTest::test_verifyProof_RevertWhen_WrongGIndex() (gas: 625457 → 625457 | 0 0.000%)
━ Math256Test::testFuzz_absDiff(uint256,uint256) (gas: 5688 → 5688 | 0 0.000%)
━ Math256Test::testFuzz_ceilDiv(uint256,uint256) (gas: 5037 → 5037 | 0 0.000%)
━ Math256Test::testFuzz_max_WorksWithInt256(int256,int256) (gas: 4687 → 4687 | 0 0.000%)
━ Math256Test::testFuzz_max_WorksWithUint256(uint256,uint256) (gas: 4720 → 4720 | 0 0.000%)
━ Math256Test::testFuzz_min_WorksWithInt256(int256,int256) (gas: 4729 → 4729 | 0 0.000%)
━ Math256Test::testFuzz_min_WorksWithUint256(uint256,uint256) (gas: 4645 → 4645 | 0 0.000%)
━ Math256Test::test_absDiff_WorksWithOnes() (gas: 3629 → 3629 | 0 0.000%)
━ Math256Test::test_absDiff_WorksWithZeros() (gas: 3657 → 3657 | 0 0.000%)
━ Math256Test::test_ceilDiv_WorksForOne() (gas: 4014 → 4014 | 0 0.000%)
━ Math256Test::test_ceilDiv_WorksForThree() (gas: 4037 → 4037 | 0 0.000%)
━ Math256Test::test_ceilDiv_WorksForTwo() (gas: 4014 → 4014 | 0 0.000%)
━ Math256Test::test_ceilDiv_WorksWithZeroFromFour() (gas: 3403 → 3403 | 0 0.000%)
━ Math256Test::test_max_WorksWithABInt256() (gas: 3487 → 3487 | 0 0.000%)
━ Math256Test::test_max_WorksWithABUint256() (gas: 3443 → 3443 | 0 0.000%)
━ Math256Test::test_max_WorksWithBAInt256() (gas: 3456 → 3456 | 0 0.000%)
━ Math256Test::test_max_WorksWithBAUint256() (gas: 3455 → 3455 | 0 0.000%)
━ Math256Test::test_max_WorksWithBothEqualUint256() (gas: 3443 → 3443 | 0 0.000%)
━ Math256Test::test_max_WorksWithBothNegativeABInt256() (gas: 3499 → 3499 | 0 0.000%)
━ Math256Test::test_max_WorksWithBothNegativeBAInt256() (gas: 3509 → 3509 | 0 0.000%)
━ Math256Test::test_max_WorksWithEqualABInt256() (gas: 3511 → 3511 | 0 0.000%)
━ Math256Test::test_max_WorksWithEqualNegativeBAInt256() (gas: 3510 → 3510 | 0 0.000%)
━ Math256Test::test_max_WorksWithNegativeAndPositiveInt256() (gas: 3423 → 3423 | 0 0.000%)
━ Math256Test::test_max_WorksWithPositiveAndNegativeInt256() (gas: 3434 → 3434 | 0 0.000%)
━ Math256Test::test_min_WorksWithABInt256() (gas: 3510 → 3510 | 0 0.000%)
━ Math256Test::test_min_WorksWithABUint256() (gas: 3444 → 3444 | 0 0.000%)
━ Math256Test::test_min_WorksWithBAInt256() (gas: 3486 → 3486 | 0 0.000%)
━ Math256Test::test_min_WorksWithBAUint256() (gas: 3508 → 3508 | 0 0.000%)
━ Math256Test::test_min_WorksWithBothEqualUint256() (gas: 3444 → 3444 | 0 0.000%)
━ Math256Test::test_min_WorksWithEqualBAInt256() (gas: 3509 → 3509 | 0 0.000%)
━ MemUtilsTest::test_copyBytes_CopiesMemChunksThatAreMultiplesOf32Bytes() (gas: 5390 → 5390 | 0 0.000%)
━ MemUtilsTest::test_copyBytes_CopiesMemChunksThatAreMultiplesOf32BytesFromANon32BytesOffset() (gas: 5292 → 5292 | 0 0.000%)
━ MemUtilsTest::test_copyBytes_RevertsWhenSrcArrayIsOutOfBounds() (gas: 4580 → 4580 | 0 0.000%)
━ MemUtilsTest::test_memcpy_CopiesMemChunksShorterThan32Bytes() (gas: 4853 → 4853 | 0 0.000%)
━ MemUtilsTest::test_memcpy_CopiesMemChunksShorterThan32BytesFromANon32BytesOffset() (gas: 5082 → 5082 | 0 0.000%)
━ MemUtilsTest::test_memcpy_CopiesMemChunksShorterThan32BytesFromAndToANon32BytesOffset() (gas: 5246 → 5246 | 0 0.000%)
━ MemUtilsTest::test_memcpy_CopiesMemChunksShorterThan32BytesToANon32BytesOffset() (gas: 5061 → 5061 | 0 0.000%)
━ MemUtilsTest::test_memcpy_CopiesMemChunksThatAreMultiplesOf32Bytes() (gas: 5770 → 5770 | 0 0.000%)
━ MemUtilsTest::test_memcpy_CopiesMemChunksThatAreMultiplesOf32BytesFromANon32BytesOffset() (gas: 6111 → 6111 | 0 0.000%)
━ MemUtilsTest::test_memcpy_CopiesMemChunksThatAreMultiplesOf32BytesFromAndToANon32BytesOffset() (gas: 6316 → 6316 | 0 0.000%)
━ MemUtilsTest::test_memcpy_CopiesMemChunksThatAreMultiplesOf32BytesToANon32BytesOffset() (gas: 5975 → 5975 | 0 0.000%)
━ MemUtilsTest::test_memcpy_CopiesMemChunksThatAreNotMultiplesOf32Bytes() (gas: 5427 → 5427 | 0 0.000%)
━ MemUtilsTest::test_memcpy_CopiesMemChunksThatAreNotMultiplesOf32BytesFromANon32BytesOffset() (gas: 5679 → 5679 | 0 0.000%)
━ MemUtilsTest::test_memcpy_CopiesMemChunksThatAreNotMultiplesOf32BytesFromAndToANon32BytesOffset() (gas: 5798 → 5798 | 0 0.000%)
━ MemUtilsTest::test_memcpy_CopiesMemChunksThatAreNotMultiplesOf32BytesToANon32BytesOffset() (gas: 5635 → 5635 | 0 0.000%)
━ MemUtilsTest::test_memcpy_HandlesZeroLength() (gas: 5213 → 5213 | 0 0.000%)
━ MemUtilsTest::test_unsafeAllocateBytes_AllocatesEmptyByteArray() (gas: 5739 → 5739 | 0 0.000%)
━ MemUtilsTest::test_unsafeAllocateBytes_AllocatesMemoryAndAdvancesFreeMemPointer() (gas: 939996 → 939996 | 0 0.000%)
━ MemUtilsTest::test_unsafeAllocateBytes_HandlesMisalignedFreeMemPointerAndPadsTo32Bytes() (gas: 14189 → 14189 | 0 0.000%)
━ MemUtilsTest::test_unsafeAllocateBytes_PadsFreeMemPointerTo32Bytes() (gas: 15953 → 15953 | 0 0.000%)
━ MinFirstAllocationStrategyInvariants::test_allocateToBestCandidate_ReturnsZeroWhenAllocationSizeIsZero() (gas: 15879 → 15879 | 0 0.000%)
━ SignatureUtilsTest::testFuzz_isValidSignature_EoaMessage(bytes) (gas: 19663 → 19663 | 0 0.000%)
━ SignatureUtilsTest::testFuzz_isValidSignature_EoaNum(uint256) (gas: 22776 → 22776 | 0 0.000%)
━ SignatureUtilsTest::testFuzz_isValidSignature_EoaR(bytes32) (gas: 22835 → 22835 | 0 0.000%)
━ SignatureUtilsTest::testFuzz_isValidSignature_EoaS(bytes32) (gas: 22844 → 22844 | 0 0.000%)
━ SignatureUtilsTest::testFuzz_isValidSignature_EoaV(uint8) (gas: 19380 → 19380 | 0 0.000%)
━ SignatureUtilsTest::test_hasCode_Works() (gas: 443952 → 443952 | 0 0.000%)
━ SignatureUtilsTest::test_isValidSignature_Contract() (gas: 209424 → 209424 | 0 0.000%)
━ SignatureUtilsTest::test_isValidSignature_Eoa() (gas: 18893 → 18893 | 0 0.000%)
━ SignatureUtilsTest::test_isValidSignature_WrongSigner(uint256) (gas: 23582 → 23582 | 0 0.000%)
↑ SSZTest::testFuzz_BeaconBlockHeaderRoot_memory((uint64,uint64,bytes32,bytes32,bytes32)) (gas: 619246 → 619255 | 9 0.001%)
↑ SSZTest::testFuzz_validatorRoot_memory((bytes,bytes32,uint64,bool,uint64,uint64,uint64,uint64)) (gas: 621928 → 621958 | 30 0.005%)
↓ SSZTest::testFuzz_verifyProof_MemorySafe(bytes32[],bytes32,bytes32,bytes32) (gas: 657854 → 656598 | -1256 -0.191%)
↓ MinFirstAllocationStrategyInvariants::test_allocate_AllocatesIntoSingleLeastFilledBucket() (gas: 40192 → 40112 | -80 -0.199%)
━ DoubleRefSlotCacheTest::invariant_currentValue() (gas: 0 → 0 | 0 NaN%)
━ DoubleRefSlotCacheTest::invariant_valueOnRefSlot() (gas: 0 → 0 | 0 NaN%)
━ BCDepositorInvariants::invariant_32ETHPaidPerKey() (gas: 0 → 0 | 0 NaN%)
━ BCDepositorInvariants::invariant_DepositDataIsNotCorrupted() (gas: 0 → 0 | 0 NaN%)
━ BCDepositorInvariants::invariant_DepositsCountIsCoherent() (gas: 0 → 0 | 0 NaN%)
━ WQInvariants::invariant_lockedEthDecreasesOnClaim() (gas: 0 → 0 | 0 NaN%)
━ WQInvariants::invariant_lockedEthIsLessThanInQueue() (gas: 0 → 0 | 0 NaN%)
━ WQInvariants::invariant_queueLength() (gas: 0 → 0 | 0 NaN%)
━ WQInvariants::invariant_queueStETH() (gas: 0 → 0 | 0 NaN%)
━ WQInvariants::invariant_requestCantBeClaimedAndNotFinalizedInTheSameTime() (gas: 0 → 0 | 0 NaN%)
━ WQInvariants::invariant_totalLockedEthNaiveCheck() (gas: 0 → 0 | 0 NaN%)
━ WQInvariants::invariant_unfinalizedQueue() (gas: 0 → 0 | 0 NaN%)
━ MinFirstAllocationStrategyInvariants::invariant_AllocatedBucketValuesNotExceedCapacities() (gas: 0 → 0 | 0 NaN%)
━ MinFirstAllocationStrategyInvariants::invariant_AllocatedLessThenAllocationSizeOnlyWhenAllBucketsFilled() (gas: 0 → 0 | 0 NaN%)
━ MinFirstAllocationStrategyInvariants::invariant_AllocatedMatchesBucketChanges() (gas: 0 → 0 | 0 NaN%)
━ MinFirstAllocationStrategyInvariants::invariant_AllocatedOutput() (gas: 0 → 0 | 0 NaN%)
━ MinFirstAllocationStrategyInvariants::invariant_BucketsOutput() (gas: 0 → 0 | 0 NaN%)

--------------------------------------------------------------------------------
Total tests: 201, ↑ 2, ↓ 2, ━ 197
Overall gas change: -1297 (-0.000%)
201 tests | up 2 (regressions), down 2 (savings), unchanged 197 | overall -1297 gas (0%)
[WARN] 4 test(s) were non-deterministic across 3 repeated runs with the same seed — see nonDeterministicTests in the report.
[WARN] 2 gas regression(s) survived a seeded, repeated diff against the pre-rewrite baseline. Inspect the report before merging.

══════════════════════════════════
 GAS REPORT (forge test --gas-report)
══════════════════════════════════

↓ contracts/common/lib/MinFirstAllocationStrategy.sol:MinFirstAllocationStrategy.0.4.24 [deploy cost] (gas: 224716 → 221710 | -3006 -1.338%)
↓ contracts/common/lib/MinFirstAllocationStrategy.sol:MinFirstAllocationStrategy.0.4.24 [deploy size] (bytes: 1170 → 1155 | -15 -1.282%)
  ↑ contracts/common/lib/MinFirstAllocationStrategy.sol:MinFirstAllocationStrategy.0.4.24::allocate(uint256[],uint256[],uint256) (avg gas: 55537 → 55965 | 428 0.771%) [min 800→792, median 22265→22362, max 1101096→1234032, calls 41121→41121]
━ test/0.4.24/lido/lido.stakeLimit.t.sol:StakeLimitUtils__Harness [deploy cost] (gas: 412354 → 412354 | 0 0%)
━ test/0.4.24/lido/lido.stakeLimit.t.sol:StakeLimitUtils__Harness [deploy size] (bytes: 1695 → 1695 | 0 0%)
  ━ test/0.4.24/lido/lido.stakeLimit.t.sol:StakeLimitUtils__Harness::calculateCurrentStakeLimit() (avg gas: 24725 → 24725 | 0 0%) [min 24550→24550, median 24764→24764, max 24764→24764, calls 208684→208684]
  ━ test/0.4.24/lido/lido.stakeLimit.t.sol:StakeLimitUtils__Harness::harness_setState(uint32,uint96,uint32,uint96) (avg gas: 47135 → 47135 | 0 0%) [min 47001→47001, median 47109→47109, max 47313→47313, calls 1028→1028]
  ━ test/0.4.24/lido/lido.stakeLimit.t.sol:StakeLimitUtils__Harness::updatePrevStakeLimit(uint256) (avg gas: 27900 → 27900 | 0 0%) [min 27840→27840, median 27876→27876, max 28224→28224, calls 103314→103314]
━ test/0.8.25/vaults/refSlotCache/refSlotCache.t.sol:DoubleRefSlotCacheExample [deploy cost] (gas: 426309 → 426309 | 0 0%)
━ test/0.8.25/vaults/refSlotCache/refSlotCache.t.sol:DoubleRefSlotCacheExample [deploy size] (bytes: 1752 → 1752 | 0 0%)
  ━ test/0.8.25/vaults/refSlotCache/refSlotCache.t.sol:DoubleRefSlotCacheExample::getCurrentFrame() (avg gas: 2357 → 2357 | 0 0%) [min 2357→2357, median 2357→2357, max 2357→2357, calls 8565→8551]
  ━ test/0.8.25/vaults/refSlotCache/refSlotCache.t.sol:DoubleRefSlotCacheExample::getIntCacheStorage() (avg gas: 6158 → 6158 | 0 0%) [min 6158→6158, median 6158→6158, max 6158→6158, calls 1→1]
  ━ test/0.8.25/vaults/refSlotCache/refSlotCache.t.sol:DoubleRefSlotCacheExample::getIntCurrentValue() (avg gas: 5229 → 5229 | 0 0%) [min 5229→5229, median 5229→5229, max 5229→5229, calls 1→1]
  ━ test/0.8.25/vaults/refSlotCache/refSlotCache.t.sol:DoubleRefSlotCacheExample::getIntValueForRefSlot(uint256) (avg gas: 1523 → 1523 | 0 0%) [min 1523→1523, median 1523→1523, max 1523→1523, calls 1→1]
  ↑ test/0.8.25/vaults/refSlotCache/refSlotCache.t.sol:DoubleRefSlotCacheExample::increaseIntValue(int104) (avg gas: 13956 → 13958 | 2 0.014%) [min 10305→10305, median 13567→13567, max 30669→30669, calls 8565→8551]
  ━ test/0.8.25/vaults/refSlotCache/refSlotCache.t.sol:DoubleRefSlotCacheExample::increaseRefSlot() (avg gas: 5556 → 5556 | 0 0%) [min 5238→5238, median 5238→5238, max 22338→22338, calls 8705→8705]
  ━ test/0.8.25/vaults/refSlotCache/refSlotCache.t.sol:DoubleRefSlotCacheExample::refSlot() (avg gas: 2396 → 2396 | 0 0%) [min 2396→2396, median 2396→2396, max 2396→2396, calls 1→1]
━ test/0.8.9/beaconChainDepositor.t.sol:BCDepositorHandler [deploy cost] (gas: 1771650 → 1771650 | 0 0%)
━ test/0.8.9/beaconChainDepositor.t.sol:BCDepositorHandler [deploy size] (bytes: 8272 → 8272 | 0 0%)
  ━ test/0.8.9/beaconChainDepositor.t.sol:BCDepositorHandler::ghost_DepositEvents(uint256) (avg gas: 29792 → 29792 | 0 0%) [min 29791→29791, median 29791→29791, max 31791→31791, calls 1103→1096]
  ━ test/0.8.9/beaconChainDepositor.t.sol:BCDepositorHandler::ghost_totalDeposits() (avg gas: 433 → 433 | 0 0%) [min 430→430, median 430→430, max 2430→2430, calls 1105→1098]
  ━ test/0.8.9/beaconChainDepositor.t.sol:BCDepositorHandler::ghost_totalETHDeposited() (avg gas: 2474 → 2474 | 0 0%) [min 2474→2474, median 2474→2474, max 2474→2474, calls 1→1]
  ↓ test/0.8.9/beaconChainDepositor.t.sol:BCDepositorHandler::makeBeaconChainDeposits32ETH(uint256,uint256,uint256) (avg gas: 44910607 → 43995876 | -914731 -2.037%) [min 614844→614844, median 43673010→42039980, max 95232390→95411932, calls 1584→1584]
━ test/0.8.9/beaconChainDepositor.t.sol:BCDepositorHarness [deploy cost] (gas: 912820 → 912820 | 0 0%)
━ test/0.8.9/beaconChainDepositor.t.sol:BCDepositorHarness [deploy size] (bytes: 4407 → 4407 | 0 0%)
  ↓ test/0.8.9/beaconChainDepositor.t.sol:BCDepositorHarness::makeBeaconChainDeposits32ETH(uint256,bytes,bytes,bytes) (avg gas: 22252468 → 21798038 | -454430 -2.042%) [min 313702→313702, median 22322882→21503024, max 44822180→44951931, calls 1584→1584]
━ test/0.8.9/beaconChainDepositor.t.sol:DepositContractHarness [deploy cost] (gas: 2865081 → 2865081 | 0 0%)
━ test/0.8.9/beaconChainDepositor.t.sol:DepositContractHarness [deploy size] (bytes: 10475 → 10475 | 0 0%)
  ━ test/0.8.9/beaconChainDepositor.t.sol:DepositContractHarness::depositEvents(uint256) (avg gas: 29769 → 29769 | 0 0%) [min 29768→29768, median 29768→29768, max 31768→31768, calls 1103→1096]
  ━ test/0.8.9/beaconChainDepositor.t.sol:DepositContractHarness::get_deposit_count() (avg gas: 3945 → 3945 | 0 0%) [min 3945→3945, median 3945→3945, max 3945→3945, calls 1→1]
  ━ test/0.8.9/beaconChainDepositor.t.sol:DepositContractHarness::to_little_endian_64(uint64) (avg gas: 2139 → 2139 | 0 0%) [min 2139→2139, median 2139→2139, max 2139→2139, calls 235841→231015]
━ test/0.8.9/positiveTokenRebaseLimiter.t.sol:PositiveTokenRebaseLimiter__Harness [deploy cost] (gas: 818693 → 818693 | 0 0%)
━ test/0.8.9/positiveTokenRebaseLimiter.t.sol:PositiveTokenRebaseLimiter__Harness [deploy size] (bytes: 3586 → 3586 | 0 0%)
  ↑ test/0.8.9/positiveTokenRebaseLimiter.t.sol:PositiveTokenRebaseLimiter__Harness::decreaseEther(uint256) (avg gas: 2635 → 2651 | 16 0.607%) [min 1230→1230, median 2997→2997, max 3246→3246, calls 506→506]
  ━ test/0.8.9/positiveTokenRebaseLimiter.t.sol:PositiveTokenRebaseLimiter__Harness::getData__harness() (avg gas: 1639 → 1639 | 0 0%) [min 1639→1639, median 1639→1639, max 1639→1639, calls 1396→1400]
  ↑ test/0.8.9/positiveTokenRebaseLimiter.t.sol:PositiveTokenRebaseLimiter__Harness::getSharesToBurnLimit() (avg gas: 1622 → 1624 | 2 0.123%) [min 1152→1152, median 1233→1233, max 2449→2449, calls 620→625]
  ━ test/0.8.9/positiveTokenRebaseLimiter.t.sol:PositiveTokenRebaseLimiter__Harness::increaseEther(uint256) (avg gas: 3637 → 3637 | 0 0%) [min 3222→3222, median 3516→3516, max 23721→23721, calls 506→506]
  ↓ test/0.8.9/positiveTokenRebaseLimiter.t.sol:PositiveTokenRebaseLimiter__Harness::initLimiterState(uint256,uint256,uint256) (avg gas: 57591 → 57590 | -1 -0.002%) [min 1010→1010, median 37495→37495, max 114356→114356, calls 1012→1012]
  ━ test/0.8.9/positiveTokenRebaseLimiter.t.sol:PositiveTokenRebaseLimiter__Harness::isLimitReached() (avg gas: 1058 → 1058 | 0 0%) [min 1058→1058, median 1058→1058, max 1058→1058, calls 506→506]
  ━ test/0.8.9/positiveTokenRebaseLimiter.t.sol:PositiveTokenRebaseLimiter__Harness::setData__harness((uint256,uint256,uint256,uint256,uint256)) (avg gas: 99508 → 99508 | 0 0%) [min 7000→7000, median 116500→116500, max 116500→116500, calls 2024→2024]
━ test/0.8.9/unstructuredStorage.t.sol:ExposedUnstructuredStorage [deploy cost] (gas: 362196 → 362196 | 0 0%)
━ test/0.8.9/unstructuredStorage.t.sol:ExposedUnstructuredStorage [deploy size] (bytes: 1463 → 1463 | 0 0%)
  ━ test/0.8.9/unstructuredStorage.t.sol:ExposedUnstructuredStorage::getStorageAddress(bytes32) (avg gas: 2195 → 2195 | 0 0%) [min 860→860, median 2860→2860, max 2860→2860, calls 762→762]
  ━ test/0.8.9/unstructuredStorage.t.sol:ExposedUnstructuredStorage::getStorageBool(bytes32) (avg gas: 2818 → 2818 | 0 0%) [min 2818→2818, median 2818→2818, max 2818→2818, calls 257→257]
  ━ test/0.8.9/unstructuredStorage.t.sol:ExposedUnstructuredStorage::getStorageBytes32(bytes32) (avg gas: 2103 → 2103 | 0 0%) [min 768→768, median 2768→2768, max 2768→2768, calls 762→762]
  ━ test/0.8.9/unstructuredStorage.t.sol:ExposedUnstructuredStorage::getStorageUint256(bytes32) (avg gas: 2102 → 2102 | 0 0%) [min 767→767, median 2767→2767, max 2767→2767, calls 762→762]
  ━ test/0.8.9/unstructuredStorage.t.sol:ExposedUnstructuredStorage::setStorageAddress(bytes32,address) (avg gas: 20762 → 20762 | 0 0%) [min 20668→20668, median 20668→20668, max 44712→44712, calls 254→254]
  ━ test/0.8.9/unstructuredStorage.t.sol:ExposedUnstructuredStorage::setStorageBool(bytes32,bool) (avg gas: 33601 → 33601 | 0 0%) [min 22760→22760, median 33601→33601, max 44442→44442, calls 2→2]
  ━ test/0.8.9/unstructuredStorage.t.sol:ExposedUnstructuredStorage::setStorageBytes32(bytes32,bytes32) (avg gas: 20759 → 20759 | 0 0%) [min 20664→20664, median 20664→20664, max 44852→44852, calls 254→254]
  ━ test/0.8.9/unstructuredStorage.t.sol:ExposedUnstructuredStorage::setStorageUint256(bytes32,uint256) (avg gas: 20443 → 20443 | 0 0%) [min 763→763, median 20663→20663, max 44479→44479, calls 254→254]
━ test/0.8.9/withdrawalQueue.t.sol:WQ [deploy cost] (gas: 3482200 → 3482200 | 0 0%)
━ test/0.8.9/withdrawalQueue.t.sol:WQ [deploy size] (bytes: 16503 → 16503 | 0 0%)
  ━ test/0.8.9/withdrawalQueue.t.sol:WQ::calculateFinalizationBatches(uint256,uint256,uint256,(uint256,bool,uint256[36],uint256)) (avg gas: 38690 → 38690 | 0 0%) [min 32240→32240, median 38718→38718, max 55056→55056, calls 153784→153779]
  ↓ test/0.8.9/withdrawalQueue.t.sol:WQ::checkpoint(uint256) (avg gas: 4641 → 4627 | -14 -0.302%) [min 1905→1905, median 4369→4369, max 17404→17404, calls 8768→8999]
  ↑ test/0.8.9/withdrawalQueue.t.sol:WQ::claim(uint256,uint256) (avg gas: 49196 → 49280 | 84 0.171%) [min 31302→31302, median 50891→50891, max 51937→51937, calls 3217→3281]
  ↑ test/0.8.9/withdrawalQueue.t.sol:WQ::claimableEth(uint256,uint256) (avg gas: 7137 → 7143 | 6 0.084%) [min 5536→5536, median 7536→7536, max 10582→10582, calls 8768→8999]
  ↓ test/0.8.9/withdrawalQueue.t.sol:WQ::finalize(uint256,uint256) (avg gas: 99533 → 99002 | -531 -0.533%) [min 62872→62872, median 116972→116972, max 116972→116972, calls 1974→2017]
  ↓ test/0.8.9/withdrawalQueue.t.sol:WQ::getLastFinalizedRequestId() (avg gas: 1798 → 1796 | -2 -0.111%) [min 570→570, median 2570→2570, max 2570→2570, calls 249965→250325]
  ↓ test/0.8.9/withdrawalQueue.t.sol:WQ::getLastRequestId() (avg gas: 509 → 508 | -1 -0.196%) [min 504→504, median 504→504, max 2504→2504, calls 1979→2022]
  ━ test/0.8.9/withdrawalQueue.t.sol:WQ::getLockedEtherAmount() (avg gas: 2568 → 2568 | 0 0%) [min 2568→2568, median 2568→2568, max 2568→2568, calls 2→2]
  ━ test/0.8.9/withdrawalQueue.t.sol:WQ::incrementRebaseTimestamp() (avg gas: 3789 → 3789 | 0 0%) [min 3589→3589, median 3589→3589, max 20689→20689, calls 153468→153468]
  ↓ test/0.8.9/withdrawalQueue.t.sol:WQ::prefinalize(uint256[],uint256) (avg gas: 7418 → 7390 | -28 -0.377%) [min 6276→6276, median 6677→6677, max 22138→22138, calls 1974→2017]
  ━ test/0.8.9/withdrawalQueue.t.sol:WQ::request(uint128,uint128) (avg gas: 113511 → 113511 | 0 0%) [min 113071→113071, median 113071→113071, max 147271→147271, calls 153468→153468]
  ↓ test/0.8.9/withdrawalQueue.t.sol:WQ::status(uint256) (avg gas: 15050 → 15029 | -21 -0.14%) [min 5750→5750, median 15750→15750, max 15750→15750, calls 106114→106893]
  ━ test/0.8.9/withdrawalQueue.t.sol:WQ::unfinalizedRequestNumber() (avg gas: 948 → 948 | 0 0%) [min 948→948, median 948→948, max 948→948, calls 2→2]
  ━ test/0.8.9/withdrawalQueue.t.sol:WQ::unfinalizedStETH() (avg gas: 1457 → 1457 | 0 0%) [min 1457→1457, median 1457→1457, max 1457→1457, calls 1→1]
━ test/0.8.9/withdrawalQueue.t.sol:WQHandler [deploy cost] (gas: 2008846 → 2008846 | 0 0%)
━ test/0.8.9/withdrawalQueue.t.sol:WQHandler [deploy size] (bytes: 9300 → 9300 | 0 0%)
  ↑ test/0.8.9/withdrawalQueue.t.sol:WQHandler::claim(uint256) (avg gas: 25358 → 25450 | 92 0.363%) [min 5858→5858, median 32696→32696, max 135063→135063, calls 153552→153552]
  ↑ test/0.8.9/withdrawalQueue.t.sol:WQHandler::finalize(uint256,uint256) (avg gas: 75965 → 76038 | 73 0.096%) [min 64311→64311, median 73334→73334, max 1032225→1032225, calls 153524→153524]
  ━ test/0.8.9/withdrawalQueue.t.sol:WQHandler::ghost_totalClaimedEth() (avg gas: 2452 → 2452 | 0 0%) [min 2452→2452, median 2452→2452, max 2452→2452, calls 1→1]
  ━ test/0.8.9/withdrawalQueue.t.sol:WQHandler::ghost_totalLockedEth() (avg gas: 2495 → 2495 | 0 0%) [min 2495→2495, median 2495→2495, max 2495→2495, calls 2→2]
  ━ test/0.8.9/withdrawalQueue.t.sol:WQHandler::ghost_totalRequestNum() (avg gas: 2496 → 2496 | 0 0%) [min 2496→2496, median 2496→2496, max 2496→2496, calls 2→2]
  ━ test/0.8.9/withdrawalQueue.t.sol:WQHandler::naiveSumOfFinalizedRequestsEth() (avg gas: 1106941 → 1106941 | 0 0%) [min 1106941→1106941, median 1106941→1106941, max 1106941→1106941, calls 1→1]
  ↓ test/0.8.9/withdrawalQueue.t.sol:WQHandler::request(uint256,uint256) (avg gas: 141403 → 141402 | -1 -0.001%) [min 136188→137699, median 140199→140199, max 227212→227212, calls 153468→153468]
  ━ test/0.8.9/withdrawalQueue.t.sol:WQHandler::sumOfStETHInQueue(uint256,uint256) (avg gas: 553752 → 553752 | 0 0%) [min 21209→21209, median 553752→553752, max 1086296→1086296, calls 2→2]
━ test/common/lib/BLS.t.sol:BLSHarness [deploy cost] (gas: 835614 → 835614 | 0 0%)
━ test/common/lib/BLS.t.sol:BLSHarness [deploy size] (bytes: 3650 → 3650 | 0 0%)
  ━ test/common/lib/BLS.t.sol:BLSHarness::computeDepositDomain(bytes4) (avg gas: 437 → 437 | 0 0%) [min 375→375, median 437→437, max 500→500, calls 2→2]
  ━ test/common/lib/BLS.t.sol:BLSHarness::depositMessageSigningRoot(((bytes,bytes,uint256,bytes32),((bytes32,bytes32),(bytes32,bytes32,bytes32,bytes32)),bytes32)) (avg gas: 1558 → 1558 | 0 0%) [min 889→889, median 1558→1558, max 2227→2227, calls 2→2]
  ━ test/common/lib/BLS.t.sol:BLSHarness::hashToG2(bytes32) (avg gas: 37637 → 37637 | 0 0%) [min 1033→1033, median 54790→54790, max 54790→54790, calls 9→9]
  ━ test/common/lib/BLS.t.sol:BLSHarness::validateCompressedPubkeyFlags(bytes,(bytes32,bytes32)) (avg gas: 564 → 564 | 0 0%) [min 419→419, median 587→587, max 693→693, calls 2631→2628]
  ↓ test/common/lib/BLS.t.sol:BLSHarness::validateCompressedSignatureFlags(bytes,(bytes32,bytes32,bytes32,bytes32)) (avg gas: 651 → 650 | -1 -0.154%) [min 463→463, median 683→640, max 790→790, calls 2639→2645]
  ━ test/common/lib/BLS.t.sol:BLSHarness::verifyDepositMessage(((bytes,bytes,uint256,bytes32),((bytes32,bytes32),(bytes32,bytes32,bytes32,bytes32)),bytes32)) (avg gas: 320210921 → 320210921 | 0 0%) [min 1553→1553, median 161119→161119, max 1040419010→1040419010, calls 13→13]
━ test/common/lib/GIndex.t.sol:Library [deploy cost] (gas: 412764 → 412764 | 0 0%)
━ test/common/lib/GIndex.t.sol:Library [deploy size] (bytes: 1700 → 1700 | 0 0%)
  ━ test/common/lib/GIndex.t.sol:Library::concat(bytes32,bytes32) (avg gas: 1917 → 1917 | 0 0%) [min 1746→1746, median 1746→1746, max 2203→2203, calls 8→8]
  ━ test/common/lib/GIndex.t.sol:Library::shl(bytes32,uint256) (avg gas: 1491 → 1491 | 0 0%) [min 1090→1090, median 1698→1698, max 1698→1698, calls 779→779]
  ━ test/common/lib/GIndex.t.sol:Library::shr(bytes32,uint256) (avg gas: 1717 → 1717 | 0 0%) [min 1316→1316, median 1924→1924, max 1924→1924, calls 779→779]
━ test/common/lib/SSZ.t.sol:Library [deploy cost] (gas: 203759 → 203759 | 0 0%)
━ test/common/lib/SSZ.t.sol:Library [deploy size] (bytes: 724 → 724 | 0 0%)
  ━ test/common/lib/SSZ.t.sol:Library::verifyProof(bytes32[],bytes32,bytes32,bytes32) (avg gas: 1662 → 1662 | 0 0%) [min 1108→1108, median 1891→1891, max 1945→1945, calls 9→9]
━ test/common/lib/SSZ.t.sol:SSZTest [deploy cost] (gas: 3741293 → 3741293 | 0 0%)
━ test/common/lib/SSZ.t.sol:SSZTest [deploy size] (bytes: 18544 → 18544 | 0 0%)
  ↓ test/common/lib/SSZ.t.sol:SSZTest::verifyProofCallJunkMemory(bytes32[],bytes32,bytes32,bytes32) (avg gas: 766182 → 746230 | -19952 -2.604%) [min 614641→614725, median 654750→653712, max 4692313→4647891, calls 257→257]
━ test/common/minFirstAllocationStrategy.t.sol:MinFirstAllocationStrategyAllocateHandler [deploy cost] (gas: 942575 → 942575 | 0 0%)
━ test/common/minFirstAllocationStrategy.t.sol:MinFirstAllocationStrategyAllocateHandler [deploy size] (bytes: 4147 → 4147 | 0 0%)
  ↑ test/common/minFirstAllocationStrategy.t.sol:MinFirstAllocationStrategyAllocateHandler::allocate(uint256[],uint256[],uint256) (avg gas: 3175135 → 3180755 | 5620 0.177%) [min 61411→61387, median 2543250→2542236, max 12662127→12443400, calls 41120→41120]
  ━ test/common/minFirstAllocationStrategy.t.sol:MinFirstAllocationStrategyAllocateHandler::getActualOutput() (avg gas: 104533 → 104533 | 0 0%) [min 104533→104533, median 104533→104533, max 104533→104533, calls 5→5]
  ━ test/common/minFirstAllocationStrategy.t.sol:MinFirstAllocationStrategyAllocateHandler::getExpectedOutput() (avg gas: 104555 → 104555 | 0 0%) [min 104555→104555, median 104555→104555, max 104555→104555, calls 2→2]
  ━ test/common/minFirstAllocationStrategy.t.sol:MinFirstAllocationStrategyAllocateHandler::getInput() (avg gas: 104532 → 104532 | 0 0%) [min 104532→104532, median 104532→104532, max 104532→104532, calls 3→3]
━ test/common/minFirstAllocationStrategy.t.sol:MinFirstAllocationStrategy__Harness [deploy cost] (gas: 636073 → 636073 | 0 0%)
━ test/common/minFirstAllocationStrategy.t.sol:MinFirstAllocationStrategy__Harness [deploy size] (bytes: 2729 → 2729 | 0 0%)
  ↓ test/common/minFirstAllocationStrategy.t.sol:MinFirstAllocationStrategy__Harness::allocate(uint256[],uint256[],uint256) (avg gas: 22326 → 22246 | -80 -0.358%) [min 22326→22246, median 22326→22246, max 22326→22246, calls 1→1]
  ━ test/common/minFirstAllocationStrategy.t.sol:MinFirstAllocationStrategy__Harness::allocateToBestCandidate(uint256[],uint256[],uint256) (avg gas: 3582 → 3582 | 0 0%) [min 3582→3582, median 3582→3582, max 3582→3582, calls 1→1]
━ test/common/signatureUtils.t.sol:ERC1271Signer__Mock [deploy cost] (gas: 222048 → 222048 | 0 0%)
━ test/common/signatureUtils.t.sol:ERC1271Signer__Mock [deploy size] (bytes: 812 → 812 | 0 0%)
  ━ test/common/signatureUtils.t.sol:ERC1271Signer__Mock::isValidSignature(bytes32,bytes) (avg gas: 1354 → 1354 | 0 0%) [min 1350→1350, median 1354→1354, max 1359→1359, calls 2→2]
━ test/common/signatureUtils.t.sol:SignatureUtils__Harness [deploy cost] (gas: 480962 → 480962 | 0 0%)
━ test/common/signatureUtils.t.sol:SignatureUtils__Harness [deploy size] (bytes: 2011 → 2011 | 0 0%)
  ━ test/common/signatureUtils.t.sol:SignatureUtils__Harness::hasCode(address) (avg gas: 3307 → 3307 | 0 0%) [min 3307→3307, median 3307→3307, max 3307→3307, calls 2→2]
  ↑ test/common/signatureUtils.t.sol:SignatureUtils__Harness::isValidSignature(address,bytes32,uint8,bytes32,bytes32) (avg gas: 7642 → 7666 | 24 0.314%) [min 4190→4190, median 7886→7886, max 7886→7886, calls 1525→1525]
18 contract(s) | deploy cost -3006 gas, deploy size -15 bytes | 76 function(s): 13 cheaper, 10 pricier, 53 unchanged (avg gas)
[WARN] 12 gas-report entry(ies) were non-deterministic across 3 repeated runs with the same seed — see gasReportTable.nonDeterministic in the report.
[WARN] 10 function(s) got MORE expensive (avg gas) per the gas-report table. Inspect before merging.

Gas report saved: /home/manoel/projeto/case-study-tool/results/core/gas.json
