Preparing worktree (detached HEAD 50660c8)
HEAD is now at 50660c8 case-study: complete remappings for gasopt gas baseline
Cloning into '/tmp/gasopt-rq5-aave-orig/lib/forge-std'...
Cloning into '/tmp/gasopt-rq5-aave-orig/lib/solidity-utils'...
Submodule path 'lib/forge-std': checked out '999be66ec94c78090087f674bbf52ce1cca12b75'
Submodule path 'lib/solidity-utils': checked out 'fdc69f984036585d508889147734902dc0c64bf3'
Submodule 'lib/forge-std' (https://github.com/foundry-rs/forge-std) registered for path 'lib/solidity-utils/lib/forge-std'
Submodule 'lib/openzeppelin-contracts-upgradeable' (https://github.com/OpenZeppelin/openzeppelin-contracts-upgradeable) registered for path 'lib/solidity-utils/lib/openzeppelin-contracts-upgradeable'
Cloning into '/tmp/gasopt-rq5-aave-orig/lib/solidity-utils/lib/forge-std'...
Cloning into '/tmp/gasopt-rq5-aave-orig/lib/solidity-utils/lib/openzeppelin-contracts-upgradeable'...
Submodule path 'lib/solidity-utils/lib/forge-std': checked out '999be66ec94c78090087f674bbf52ce1cca12b75'
Submodule path 'lib/solidity-utils/lib/openzeppelin-contracts-upgradeable': checked out 'fa525310e45f91eb20a6d3baa2644be8e0adba31'
Submodule 'lib/erc4626-tests' (https://github.com/a16z/erc4626-tests.git) registered for path 'lib/solidity-utils/lib/openzeppelin-contracts-upgradeable/lib/erc4626-tests'
Submodule 'lib/forge-std' (https://github.com/foundry-rs/forge-std) registered for path 'lib/solidity-utils/lib/openzeppelin-contracts-upgradeable/lib/forge-std'
Submodule 'lib/halmos-cheatcodes' (https://github.com/a16z/halmos-cheatcodes) registered for path 'lib/solidity-utils/lib/openzeppelin-contracts-upgradeable/lib/halmos-cheatcodes'
Submodule 'lib/openzeppelin-contracts' (https://github.com/OpenZeppelin/openzeppelin-contracts.git) registered for path 'lib/solidity-utils/lib/openzeppelin-contracts-upgradeable/lib/openzeppelin-contracts'
Cloning into '/tmp/gasopt-rq5-aave-orig/lib/solidity-utils/lib/openzeppelin-contracts-upgradeable/lib/erc4626-tests'...
Cloning into '/tmp/gasopt-rq5-aave-orig/lib/solidity-utils/lib/openzeppelin-contracts-upgradeable/lib/forge-std'...
Cloning into '/tmp/gasopt-rq5-aave-orig/lib/solidity-utils/lib/openzeppelin-contracts-upgradeable/lib/halmos-cheatcodes'...
Cloning into '/tmp/gasopt-rq5-aave-orig/lib/solidity-utils/lib/openzeppelin-contracts-upgradeable/lib/openzeppelin-contracts'...
Submodule path 'lib/solidity-utils/lib/openzeppelin-contracts-upgradeable/lib/erc4626-tests': checked out '8b1d7c2ac248c33c3506b1bff8321758943c5e11'
Submodule path 'lib/solidity-utils/lib/openzeppelin-contracts-upgradeable/lib/forge-std': checked out 'ae570fec082bfe1c1f45b0acca4a2b4f84d345ce'
Submodule 'lib/ds-test' (https://github.com/dapphub/ds-test) registered for path 'lib/solidity-utils/lib/openzeppelin-contracts-upgradeable/lib/forge-std/lib/ds-test'
Cloning into '/tmp/gasopt-rq5-aave-orig/lib/solidity-utils/lib/openzeppelin-contracts-upgradeable/lib/forge-std/lib/ds-test'...
Submodule path 'lib/solidity-utils/lib/openzeppelin-contracts-upgradeable/lib/forge-std/lib/ds-test': checked out 'e282159d5170298eb2455a6c05280ab5a73a4ef0'
Submodule path 'lib/solidity-utils/lib/openzeppelin-contracts-upgradeable/lib/halmos-cheatcodes': checked out 'c0d865508c0fee0a11b97732c5e90f9cad6b65a5'
Submodule path 'lib/solidity-utils/lib/openzeppelin-contracts-upgradeable/lib/openzeppelin-contracts': checked out '69c8def5f222ff96f2b5beff05dfba996368aa79'
Submodule 'lib/erc4626-tests' (https://github.com/a16z/erc4626-tests.git) registered for path 'lib/solidity-utils/lib/openzeppelin-contracts-upgradeable/lib/openzeppelin-contracts/lib/erc4626-tests'
Submodule 'lib/forge-std' (https://github.com/foundry-rs/forge-std) registered for path 'lib/solidity-utils/lib/openzeppelin-contracts-upgradeable/lib/openzeppelin-contracts/lib/forge-std'
Submodule 'lib/halmos-cheatcodes' (https://github.com/a16z/halmos-cheatcodes) registered for path 'lib/solidity-utils/lib/openzeppelin-contracts-upgradeable/lib/openzeppelin-contracts/lib/halmos-cheatcodes'
Cloning into '/tmp/gasopt-rq5-aave-orig/lib/solidity-utils/lib/openzeppelin-contracts-upgradeable/lib/openzeppelin-contracts/lib/erc4626-tests'...
Cloning into '/tmp/gasopt-rq5-aave-orig/lib/solidity-utils/lib/openzeppelin-contracts-upgradeable/lib/openzeppelin-contracts/lib/forge-std'...
Cloning into '/tmp/gasopt-rq5-aave-orig/lib/solidity-utils/lib/openzeppelin-contracts-upgradeable/lib/openzeppelin-contracts/lib/halmos-cheatcodes'...
Submodule path 'lib/solidity-utils/lib/openzeppelin-contracts-upgradeable/lib/openzeppelin-contracts/lib/erc4626-tests': checked out '8b1d7c2ac248c33c3506b1bff8321758943c5e11'
Submodule path 'lib/solidity-utils/lib/openzeppelin-contracts-upgradeable/lib/openzeppelin-contracts/lib/forge-std': checked out 'ae570fec082bfe1c1f45b0acca4a2b4f84d345ce'
Submodule 'lib/ds-test' (https://github.com/dapphub/ds-test) registered for path 'lib/solidity-utils/lib/openzeppelin-contracts-upgradeable/lib/openzeppelin-contracts/lib/forge-std/lib/ds-test'
Cloning into '/tmp/gasopt-rq5-aave-orig/lib/solidity-utils/lib/openzeppelin-contracts-upgradeable/lib/openzeppelin-contracts/lib/forge-std/lib/ds-test'...
Submodule path 'lib/solidity-utils/lib/openzeppelin-contracts-upgradeable/lib/openzeppelin-contracts/lib/forge-std/lib/ds-test': checked out 'e282159d5170298eb2455a6c05280ab5a73a4ef0'
Submodule path 'lib/solidity-utils/lib/openzeppelin-contracts-upgradeable/lib/openzeppelin-contracts/lib/halmos-cheatcodes': checked out 'c0d865508c0fee0a11b97732c5e90f9cad6b65a5'
