Preparing worktree (detached HEAD 46c68346)
HEAD is now at 46c68346 Merge pull request #1034 from Uniswap/fix/ci-sha-pin-github-actions
Cloning into '/tmp/gasopt-rq5-orig-KR607D/lib/forge-std'...
Cloning into '/tmp/gasopt-rq5-orig-KR607D/lib/openzeppelin-contracts'...
Cloning into '/tmp/gasopt-rq5-orig-KR607D/lib/solmate'...
Submodule path 'lib/forge-std': checked out '1de6eecf821de7fe2c908cc48d3ab3dced20717f'
Submodule path 'lib/openzeppelin-contracts': checked out 'dbb6104ce834628e473d2173bbc9d47f81a9eec3'
Submodule 'lib/erc4626-tests' (https://github.com/a16z/erc4626-tests.git) registered for path 'lib/openzeppelin-contracts/lib/erc4626-tests'
Submodule 'lib/forge-std' (https://github.com/foundry-rs/forge-std) registered for path 'lib/openzeppelin-contracts/lib/forge-std'
Cloning into '/tmp/gasopt-rq5-orig-KR607D/lib/openzeppelin-contracts/lib/erc4626-tests'...
Cloning into '/tmp/gasopt-rq5-orig-KR607D/lib/openzeppelin-contracts/lib/forge-std'...
Submodule path 'lib/openzeppelin-contracts/lib/erc4626-tests': checked out '8b1d7c2ac248c33c3506b1bff8321758943c5e11'
Submodule path 'lib/openzeppelin-contracts/lib/forge-std': checked out 'eb980e1d4f0e8173ec27da77297ae411840c8ccb'
Submodule 'lib/ds-test' (https://github.com/dapphub/ds-test) registered for path 'lib/openzeppelin-contracts/lib/forge-std/lib/ds-test'
Cloning into '/tmp/gasopt-rq5-orig-KR607D/lib/openzeppelin-contracts/lib/forge-std/lib/ds-test'...
Submodule path 'lib/openzeppelin-contracts/lib/forge-std/lib/ds-test': checked out 'cd98eff28324bfac652e63a239a60632a761790b'
Submodule path 'lib/solmate': checked out '4b47a19038b798b4a33d9749d25e570443520647'
Submodule 'lib/ds-test' (https://github.com/dapphub/ds-test) registered for path 'lib/solmate/lib/ds-test'
Cloning into '/tmp/gasopt-rq5-orig-KR607D/lib/solmate/lib/ds-test'...
Submodule path 'lib/solmate/lib/ds-test': checked out 'cd98eff28324bfac652e63a239a60632a761790b'
